  uic QT_Show_PCD.ui
   E:\Visual Studio 2015\proj-of-vs2015\QT_Show_PCD\QT_Show_PCD\QT_Show_PCD.ui: Warning: The name 'layoutWidget' (QWidget) is already in use, defaulting to 'layoutWidget1'.
   E:\Visual Studio 2015\proj-of-vs2015\QT_Show_PCD\QT_Show_PCD\QT_Show_PCD.ui: Warning: The name 'layoutWidget' (QWidget) is already in use, defaulting to 'layoutWidget2'.
   E:\Visual Studio 2015\proj-of-vs2015\QT_Show_PCD\QT_Show_PCD\QT_Show_PCD.ui: Warning: The name 'layoutWidget' (QWidget) is already in use, defaulting to 'layoutWidget3'.
   E:\Visual Studio 2015\proj-of-vs2015\QT_Show_PCD\QT_Show_PCD\QT_Show_PCD.ui: Warning: The name 'layoutWidget' (QWidget) is already in use, defaulting to 'layoutWidget4'.
   E:\Visual Studio 2015\proj-of-vs2015\QT_Show_PCD\QT_Show_PCD\QT_Show_PCD.ui: Warning: The name 'layoutWidget' (QWidget) is already in use, defaulting to 'layoutWidget5'.
   E:\Visual Studio 2015\proj-of-vs2015\QT_Show_PCD\QT_Show_PCD\QT_Show_PCD.ui: Warning: The name 'layoutWidget' (QWidget) is already in use, defaulting to 'layoutWidget6'.
   E:\Visual Studio 2015\proj-of-vs2015\QT_Show_PCD\QT_Show_PCD\QT_Show_PCD.ui: Warning: The name 'layoutWidget' (QWidget) is already in use, defaulting to 'layoutWidget7'.
   E:\Visual Studio 2015\proj-of-vs2015\QT_Show_PCD\QT_Show_PCD\QT_Show_PCD.ui: Warning: The name 'layoutWidget' (QWidget) is already in use, defaulting to 'layoutWidget8'.
   E:\Visual Studio 2015\proj-of-vs2015\QT_Show_PCD\QT_Show_PCD\QT_Show_PCD.ui: Warning: The name 'layoutWidget' (QWidget) is already in use, defaulting to 'layoutWidget9'.
   E:\Visual Studio 2015\proj-of-vs2015\QT_Show_PCD\QT_Show_PCD\QT_Show_PCD.ui: Warning: The name 'layoutWidget' (QWidget) is already in use, defaulting to 'layoutWidget10'.
  QT_Show_PCD.cpp
  main.cpp
D:\PCL1.8.1\PCL 1.8.1\include\pcl-1.8\pcl/point_traits.h : warning C4819: 该文件包含不能在当前代码页(936)中表示的字符。请将该文件保存为 Unicode 格式以防止数据丢失 (编译源文件 QT_Show_PCD.cpp)
D:\PCL1.8.1\PCL 1.8.1\include\pcl-1.8\pcl/point_traits.h : warning C4819: 该文件包含不能在当前代码页(936)中表示的字符。请将该文件保存为 Unicode 格式以防止数据丢失 (编译源文件 main.cpp)
D:\PCL1.8.1\PCL 1.8.1\include\pcl-1.8\pcl/visualization/interactor_style.h : warning C4819: 该文件包含不能在当前代码页(936)中表示的字符。请将该文件保存为 Unicode 格式以防止数据丢失 (编译源文件 main.cpp)
D:\PCL1.8.1\PCL 1.8.1\include\pcl-1.8\pcl/visualization/interactor_style.h : warning C4819: 该文件包含不能在当前代码页(936)中表示的字符。请将该文件保存为 Unicode 格式以防止数据丢失 (编译源文件 QT_Show_PCD.cpp)
D:\PCL1.8.1\PCL 1.8.1\include\pcl-1.8\pcl/visualization/pcl_visualizer.h(1585): warning C4819: 该文件包含不能在当前代码页(936)中表示的字符。请将该文件保存为 Unicode 格式以防止数据丢失 (编译源文件 main.cpp)
D:\PCL1.8.1\PCL 1.8.1\include\pcl-1.8\pcl/visualization/pcl_visualizer.h(1585): warning C4819: 该文件包含不能在当前代码页(936)中表示的字符。请将该文件保存为 Unicode 格式以防止数据丢失 (编译源文件 QT_Show_PCD.cpp)
c:\program files (x86)\intel realsense sdk 2.0\include\librealsense2\h/rs_option.h : warning C4819: 该文件包含不能在当前代码页(936)中表示的字符。请将该文件保存为 Unicode 格式以防止数据丢失 (编译源文件 QT_Show_PCD.cpp)
c:\program files (x86)\intel realsense sdk 2.0\include\librealsense2\h/rs_option.h : warning C4819: 该文件包含不能在当前代码页(936)中表示的字符。请将该文件保存为 Unicode 格式以防止数据丢失 (编译源文件 main.cpp)
  moc_QT_Show_PCD.cpp
D:\PCL1.8.1\PCL 1.8.1\include\pcl-1.8\pcl/point_traits.h : warning C4819: 该文件包含不能在当前代码页(936)中表示的字符。请将该文件保存为 Unicode 格式以防止数据丢失
D:\PCL1.8.1\PCL 1.8.1\include\pcl-1.8\pcl/visualization/interactor_style.h : warning C4819: 该文件包含不能在当前代码页(936)中表示的字符。请将该文件保存为 Unicode 格式以防止数据丢失
D:\PCL1.8.1\PCL 1.8.1\include\pcl-1.8\pcl/visualization/pcl_visualizer.h(1585): warning C4819: 该文件包含不能在当前代码页(936)中表示的字符。请将该文件保存为 Unicode 格式以防止数据丢失
c:\program files (x86)\intel realsense sdk 2.0\include\librealsense2\h/rs_option.h : warning C4819: 该文件包含不能在当前代码页(936)中表示的字符。请将该文件保存为 Unicode 格式以防止数据丢失
  QT_Show_PCD.vcxproj -> E:\Visual Studio 2015\proj-of-vs2015\QT_Show_PCD\x64\Release\QT_Show_PCD.exe
  C:\Program Files (x86)\Intel RealSense SDK 2.0\bin\x64\realsense2.dll
  复制了 1 个文件
  C:\Program Files (x86)\Intel RealSense SDK 2.0\third-party\opencv-3.4\\bin\x64\Release\opencv_calib3d341.dll
  C:\Program Files (x86)\Intel RealSense SDK 2.0\third-party\opencv-3.4\\bin\x64\Release\opencv_core341.dll
  C:\Program Files (x86)\Intel RealSense SDK 2.0\third-party\opencv-3.4\\bin\x64\Release\opencv_dnn341.dll
  C:\Program Files (x86)\Intel RealSense SDK 2.0\third-party\opencv-3.4\\bin\x64\Release\opencv_features2d341.dll
  C:\Program Files (x86)\Intel RealSense SDK 2.0\third-party\opencv-3.4\\bin\x64\Release\opencv_flann341.dll
  C:\Program Files (x86)\Intel RealSense SDK 2.0\third-party\opencv-3.4\\bin\x64\Release\opencv_highgui341.dll
  C:\Program Files (x86)\Intel RealSense SDK 2.0\third-party\opencv-3.4\\bin\x64\Release\opencv_imgcodecs341.dll
  C:\Program Files (x86)\Intel RealSense SDK 2.0\third-party\opencv-3.4\\bin\x64\Release\opencv_imgproc341.dll
  C:\Program Files (x86)\Intel RealSense SDK 2.0\third-party\opencv-3.4\\bin\x64\Release\opencv_ml341.dll
  C:\Program Files (x86)\Intel RealSense SDK 2.0\third-party\opencv-3.4\\bin\x64\Release\opencv_objdetect341.dll
  C:\Program Files (x86)\Intel RealSense SDK 2.0\third-party\opencv-3.4\\bin\x64\Release\opencv_photo341.dll
  C:\Program Files (x86)\Intel RealSense SDK 2.0\third-party\opencv-3.4\\bin\x64\Release\opencv_shape341.dll
  C:\Program Files (x86)\Intel RealSense SDK 2.0\third-party\opencv-3.4\\bin\x64\Release\opencv_stitching341.dll
  C:\Program Files (x86)\Intel RealSense SDK 2.0\third-party\opencv-3.4\\bin\x64\Release\opencv_superres341.dll
  C:\Program Files (x86)\Intel RealSense SDK 2.0\third-party\opencv-3.4\\bin\x64\Release\opencv_video341.dll
  C:\Program Files (x86)\Intel RealSense SDK 2.0\third-party\opencv-3.4\\bin\x64\Release\opencv_videoio341.dll
  C:\Program Files (x86)\Intel RealSense SDK 2.0\third-party\opencv-3.4\\bin\x64\Release\opencv_videostab341.dll
  复制了 17 个文件
  C:\Program Files (x86)\Intel RealSense SDK 2.0\third-party\opencv-3.4\\data\MobileNetSSD_deploy.caffemodel
  C:\Program Files (x86)\Intel RealSense SDK 2.0\third-party\opencv-3.4\\data\MobileNetSSD_deploy.prototxt
  复制了 2 个文件
  C:\Program Files (x86)\Intel RealSense SDK 2.0\third-party\opencv-3.4\\data\MobileNetSSD_deploy.caffemodel
  C:\Program Files (x86)\Intel RealSense SDK 2.0\third-party\opencv-3.4\\data\MobileNetSSD_deploy.prototxt
  复制了 2 个文件
