  moc QT_Show_PCD.h
  QT_Show_PCD.cpp
  main.cpp
  moc_QT_Show_PCD.cpp
D:\PCL1.8.1\PCL 1.8.1\include\pcl-1.8\pcl/point_traits.h : warning C4819: 该文件包含不能在当前代码页(936)中表示的字符。请将该文件保存为 Unicode 格式以防止数据丢失 (编译源文件 QT_Show_PCD.cpp)
D:\PCL1.8.1\PCL 1.8.1\include\pcl-1.8\pcl/point_traits.h : warning C4819: 该文件包含不能在当前代码页(936)中表示的字符。请将该文件保存为 Unicode 格式以防止数据丢失 (编译源文件 x64\Debug\\moc\moc_QT_Show_PCD.cpp)
D:\PCL1.8.1\PCL 1.8.1\include\pcl-1.8\pcl/point_traits.h : warning C4819: 该文件包含不能在当前代码页(936)中表示的字符。请将该文件保存为 Unicode 格式以防止数据丢失 (编译源文件 main.cpp)
D:\PCL1.8.1\PCL 1.8.1\include\pcl-1.8\pcl/visualization/interactor_style.h : warning C4819: 该文件包含不能在当前代码页(936)中表示的字符。请将该文件保存为 Unicode 格式以防止数据丢失 (编译源文件 QT_Show_PCD.cpp)
D:\PCL1.8.1\PCL 1.8.1\include\pcl-1.8\pcl/visualization/interactor_style.h : warning C4819: 该文件包含不能在当前代码页(936)中表示的字符。请将该文件保存为 Unicode 格式以防止数据丢失 (编译源文件 main.cpp)
D:\PCL1.8.1\PCL 1.8.1\include\pcl-1.8\pcl/visualization/interactor_style.h : warning C4819: 该文件包含不能在当前代码页(936)中表示的字符。请将该文件保存为 Unicode 格式以防止数据丢失 (编译源文件 x64\Debug\\moc\moc_QT_Show_PCD.cpp)
D:\PCL1.8.1\PCL 1.8.1\include\pcl-1.8\pcl/visualization/pcl_visualizer.h(1585): warning C4819: 该文件包含不能在当前代码页(936)中表示的字符。请将该文件保存为 Unicode 格式以防止数据丢失 (编译源文件 QT_Show_PCD.cpp)
D:\PCL1.8.1\PCL 1.8.1\include\pcl-1.8\pcl/visualization/pcl_visualizer.h(1585): warning C4819: 该文件包含不能在当前代码页(936)中表示的字符。请将该文件保存为 Unicode 格式以防止数据丢失 (编译源文件 main.cpp)
D:\PCL1.8.1\PCL 1.8.1\include\pcl-1.8\pcl/visualization/pcl_visualizer.h(1585): warning C4819: 该文件包含不能在当前代码页(936)中表示的字符。请将该文件保存为 Unicode 格式以防止数据丢失 (编译源文件 x64\Debug\\moc\moc_QT_Show_PCD.cpp)
main.obj : warning LNK4217: 本地定义的符号 ??0vtkDebugLeaksManager@@QEAA@XZ (public: __cdecl vtkDebugLeaksManager::vtkDebugLeaksManager(void)) 在函数 "void __cdecl `dynamic initializer for 'vtkDebugLeaksManagerInstance''(void)" (??__EvtkDebugLeaksManagerInstance@@YAXXZ) 中导入
QT_Show_PCD.obj : warning LNK4049: 已导入本地定义的符号 ??0vtkDebugLeaksManager@@QEAA@XZ (public: __cdecl vtkDebugLeaksManager::vtkDebugLeaksManager(void))
moc_QT_Show_PCD.obj : warning LNK4217: 本地定义的符号 ??0vtkDebugLeaksManager@@QEAA@XZ (public: __cdecl vtkDebugLeaksManager::vtkDebugLeaksManager(void)) 在函数 "public: virtual void * __cdecl QT_Show_PCD::qt_metacast(char const *)" (?qt_metacast@QT_Show_PCD@@UEAAPEAXPEBD@Z) 中导入
main.obj : warning LNK4217: 本地定义的符号 ??1vtkDebugLeaksManager@@QEAA@XZ (public: __cdecl vtkDebugLeaksManager::~vtkDebugLeaksManager(void)) 在函数 "void __cdecl `dynamic atexit destructor for 'vtkDebugLeaksManagerInstance''(void)" (??__FvtkDebugLeaksManagerInstance@@YAXXZ) 中导入
QT_Show_PCD.obj : warning LNK4049: 已导入本地定义的符号 ??1vtkDebugLeaksManager@@QEAA@XZ (public: __cdecl vtkDebugLeaksManager::~vtkDebugLeaksManager(void))
moc_QT_Show_PCD.obj : warning LNK4217: 本地定义的符号 ??1vtkDebugLeaksManager@@QEAA@XZ (public: __cdecl vtkDebugLeaksManager::~vtkDebugLeaksManager(void)) 在函数 "public: virtual int __cdecl QT_Show_PCD::qt_metacall(enum QMetaObject::Call,int,void * *)" (?qt_metacall@QT_Show_PCD@@UEAAHW4Call@QMetaObject@@HPEAPEAX@Z) 中导入
main.obj : warning LNK4217: 本地定义的符号 ??0vtkObjectFactoryRegistryCleanup@@QEAA@XZ (public: __cdecl vtkObjectFactoryRegistryCleanup::vtkObjectFactoryRegistryCleanup(void)) 在函数 "void __cdecl `dynamic initializer for 'vtkObjectFactoryRegistryCleanupInstance''(void)" (??__EvtkObjectFactoryRegistryCleanupInstance@@YAXXZ) 中导入
QT_Show_PCD.obj : warning LNK4049: 已导入本地定义的符号 ??0vtkObjectFactoryRegistryCleanup@@QEAA@XZ (public: __cdecl vtkObjectFactoryRegistryCleanup::vtkObjectFactoryRegistryCleanup(void))
moc_QT_Show_PCD.obj : warning LNK4217: 本地定义的符号 ??0vtkObjectFactoryRegistryCleanup@@QEAA@XZ (public: __cdecl vtkObjectFactoryRegistryCleanup::vtkObjectFactoryRegistryCleanup(void)) 在函数 "unsigned int __cdecl boost::interprocess::ipcdetail::get_num_cores(void)" (?get_num_cores@ipcdetail@interprocess@boost@@YAIXZ) 中导入
main.obj : warning LNK4217: 本地定义的符号 ??1vtkObjectFactoryRegistryCleanup@@QEAA@XZ (public: __cdecl vtkObjectFactoryRegistryCleanup::~vtkObjectFactoryRegistryCleanup(void)) 在函数 "void __cdecl `dynamic atexit destructor for 'vtkObjectFactoryRegistryCleanupInstance''(void)" (??__FvtkObjectFactoryRegistryCleanupInstance@@YAXXZ) 中导入
QT_Show_PCD.obj : warning LNK4049: 已导入本地定义的符号 ??1vtkObjectFactoryRegistryCleanup@@QEAA@XZ (public: __cdecl vtkObjectFactoryRegistryCleanup::~vtkObjectFactoryRegistryCleanup(void))
moc_QT_Show_PCD.obj : warning LNK4217: 本地定义的符号 ??1vtkObjectFactoryRegistryCleanup@@QEAA@XZ (public: __cdecl vtkObjectFactoryRegistryCleanup::~vtkObjectFactoryRegistryCleanup(void)) 在函数 "void __cdecl `dynamic initializer for 'private: static unsigned int boost::interprocess::ipcdetail::num_core_holder<0>::num_cores''(void)" (??__E?num_cores@?$num_core_holder@$0A@@ipcdetail@interprocess@boost@@0IA@@YAXXZ) 中导入
QT_Show_PCD.obj : warning LNK4217: 本地定义的符号 ??0vtkSmartPointerBase@@QEAA@XZ (public: __cdecl vtkSmartPointerBase::vtkSmartPointerBase(void)) 在函数 "public: __cdecl vtkSmartPointer<class vtkCellArray>::vtkSmartPointer<class vtkCellArray>(void)" (??0?$vtkSmartPointer@VvtkCellArray@@@@QEAA@XZ) 中导入
QT_Show_PCD.obj : warning LNK4217: 本地定义的符号 ??0vtkSmartPointerBase@@QEAA@PEAVvtkObjectBase@@@Z (public: __cdecl vtkSmartPointerBase::vtkSmartPointerBase(class vtkObjectBase *)) 在函数 "public: __cdecl vtkSmartPointer<class vtkProp>::vtkSmartPointer<class vtkProp><class vtkLODActor>(class vtkSmartPointer<class vtkLODActor> const &)" (??$?0VvtkLODActor@@@?$vtkSmartPointer@VvtkProp@@@@QEAA@AEBV?$vtkSmartPointer@VvtkLODActor@@@@@Z) 中导入
QT_Show_PCD.obj : warning LNK4217: 本地定义的符号 ??0vtkSmartPointerBase@@QEAA@AEBV0@@Z (public: __cdecl vtkSmartPointerBase::vtkSmartPointerBase(class vtkSmartPointerBase const &)) 在函数 "public: __cdecl vtkSmartPointer<class vtkRenderWindow>::vtkSmartPointer<class vtkRenderWindow>(class vtkSmartPointer<class vtkRenderWindow> const &)" (??0?$vtkSmartPointer@VvtkRenderWindow@@@@QEAA@AEBV0@@Z) 中导入
QT_Show_PCD.obj : warning LNK4217: 本地定义的符号 ??1vtkSmartPointerBase@@QEAA@XZ (public: __cdecl vtkSmartPointerBase::~vtkSmartPointerBase(void)) 在函数 "public: __cdecl vtkSmartPointer<class vtkCellArray>::~vtkSmartPointer<class vtkCellArray>(void)" (??1?$vtkSmartPointer@VvtkCellArray@@@@QEAA@XZ) 中导入
QT_Show_PCD.obj : warning LNK4217: 本地定义的符号 ??4vtkSmartPointerBase@@QEAAAEAV0@PEAVvtkObjectBase@@@Z (public: class vtkSmartPointerBase & __cdecl vtkSmartPointerBase::operator=(class vtkObjectBase *)) 在函数 "public: class vtkSmartPointer<class vtkDataArray> & __cdecl vtkSmartPointer<class vtkDataArray>::operator=<class vtkUnsignedCharArray>(class vtkSmartPointer<class vtkUnsignedCharArray> const &)" (??$?4VvtkUnsignedCharArray@@@?$vtkSmartPointer@VvtkDataArray@@@@QEAAAEAV0@AEBV?$vtkSmartPointer@VvtkUnsignedCharArray@@@@@Z) 中导入
QT_Show_PCD.obj : warning LNK4217: 本地定义的符号 ??4vtkSmartPointerBase@@QEAAAEAV0@AEBV0@@Z (public: class vtkSmartPointerBase & __cdecl vtkSmartPointerBase::operator=(class vtkSmartPointerBase const &)) 在函数 "public: class vtkSmartPointer<class vtkCellArray> & __cdecl vtkSmartPointer<class vtkCellArray>::operator=(class vtkSmartPointer<class vtkCellArray> &&)" (??4?$vtkSmartPointer@VvtkCellArray@@@@QEAAAEAV0@$$QEAV0@@Z) 中导入
QT_Show_PCD.obj : warning LNK4217: 本地定义的符号 ??0vtkSmartPointerBase@@IEAA@PEAVvtkObjectBase@@AEBVNoReference@0@@Z (protected: __cdecl vtkSmartPointerBase::vtkSmartPointerBase(class vtkObjectBase *,class vtkSmartPointerBase::NoReference const &)) 在函数 "protected: __cdecl vtkSmartPointer<class vtkCellArray>::vtkSmartPointer<class vtkCellArray>(class vtkCellArray *,class vtkSmartPointerBase::NoReference const &)" (??0?$vtkSmartPointer@VvtkCellArray@@@@IEAA@PEAVvtkCellArray@@AEBVNoReference@vtkSmartPointerBase@@@Z) 中导入
QT_Show_PCD.obj : warning LNK4217: 本地定义的符号 ?New@vtkPoints@@SAPEAV1@XZ (public: static class vtkPoints * __cdecl vtkPoints::New(void)) 在函数 "public: static class vtkSmartPointer<class vtkPoints> __cdecl vtkSmartPointer<class vtkPoints>::New(void)" (?New@?$vtkSmartPointer@VvtkPoints@@@@SA?AV1@XZ) 中导入
QT_Show_PCD.obj : warning LNK4217: 本地定义的符号 ?GetData@vtkPoints@@QEAAPEAVvtkDataArray@@XZ (public: class vtkDataArray * __cdecl vtkPoints::GetData(void)) 在函数 "private: void __cdecl pcl::visualization::PCLVisualizer::convertPointCloudToVTKPolyData<struct pcl::PointXYZ>(class boost::shared_ptr<class pcl::PointCloud<struct pcl::PointXYZ> const > const &,class vtkSmartPointer<class vtkPolyData> &,class vtkSmartPointer<class vtkIdTypeArray> &)" (??$convertPointCloudToVTKPolyData@UPointXYZ@pcl@@@PCLVisualizer@visualization@pcl@@AEAAXAEBV?$shared_ptr@$$CBV?$PointCloud@UPointXYZ@pcl@@@pcl@@@boost@@AEAV?$vtkSmartPointer@VvtkPolyData@@@@AEAV?$vtkSmartPointer@VvtkIdTypeArray@@@@@Z) 中导入
QT_Show_PCD.obj : warning LNK4217: 本地定义的符号 ?GetNumberOfPoints@vtkPoints@@QEAA_JXZ (public: __int64 __cdecl vtkPoints::GetNumberOfPoints(void)) 在函数 "private: void __cdecl pcl::visualization::PCLVisualizer::convertPointCloudToVTKPolyData<struct pcl::PointXYZ>(class pcl::visualization::PointCloudGeometryHandler<struct pcl::PointXYZ> const &,class vtkSmartPointer<class vtkPolyData> &,class vtkSmartPointer<class vtkIdTypeArray> &)" (??$convertPointCloudToVTKPolyData@UPointXYZ@pcl@@@PCLVisualizer@visualization@pcl@@AEAAXAEBV?$PointCloudGeometryHandler@UPointXYZ@pcl@@@12@AEAV?$vtkSmartPointer@VvtkPolyData@@@@AEAV?$vtkSmartPointer@VvtkIdTypeArray@@@@@Z) 中导入
QT_Show_PCD.obj : warning LNK4217: 本地定义的符号 ?SetNumberOfPoints@vtkPoints@@QEAAX_J@Z (public: void __cdecl vtkPoints::SetNumberOfPoints(__int64)) 在函数 "private: void __cdecl pcl::visualization::PCLVisualizer::convertPointCloudToVTKPolyData<struct pcl::PointXYZ>(class boost::shared_ptr<class pcl::PointCloud<struct pcl::PointXYZ> const > const &,class vtkSmartPointer<class vtkPolyData> &,class vtkSmartPointer<class vtkIdTypeArray> &)" (??$convertPointCloudToVTKPolyData@UPointXYZ@pcl@@@PCLVisualizer@visualization@pcl@@AEAAXAEBV?$shared_ptr@$$CBV?$PointCloud@UPointXYZ@pcl@@@pcl@@@boost@@AEAV?$vtkSmartPointer@VvtkPolyData@@@@AEAV?$vtkSmartPointer@VvtkIdTypeArray@@@@@Z) 中导入
QT_Show_PCD.obj : warning LNK4217: 本地定义的符号 ?GetPointer@?$vtkAOSDataArrayTemplate@M@@QEAAPEAM_J@Z (public: float * __cdecl vtkAOSDataArrayTemplate<float>::GetPointer(__int64)) 在函数 "private: void __cdecl pcl::visualization::PCLVisualizer::convertPointCloudToVTKPolyData<struct pcl::PointXYZ>(class boost::shared_ptr<class pcl::PointCloud<struct pcl::PointXYZ> const > const &,class vtkSmartPointer<class vtkPolyData> &,class vtkSmartPointer<class vtkIdTypeArray> &)" (??$convertPointCloudToVTKPolyData@UPointXYZ@pcl@@@PCLVisualizer@visualization@pcl@@AEAAXAEBV?$shared_ptr@$$CBV?$PointCloud@UPointXYZ@pcl@@@pcl@@@boost@@AEAV?$vtkSmartPointer@VvtkPolyData@@@@AEAV?$vtkSmartPointer@VvtkIdTypeArray@@@@@Z) 中导入
QT_Show_PCD.obj : warning LNK4217: 本地定义的符号 ?GetPointer@?$vtkAOSDataArrayTemplate@E@@QEAAPEAE_J@Z (public: unsigned char * __cdecl vtkAOSDataArrayTemplate<unsigned char>::GetPointer(__int64)) 在函数 "public: virtual bool __cdecl pcl::visualization::PointCloudColorHandlerRGBField<struct pcl::PointXYZ>::getColor(class vtkSmartPointer<class vtkDataArray> &)const " (?getColor@?$PointCloudColorHandlerRGBField@UPointXYZ@pcl@@@visualization@pcl@@UEBA_NAEAV?$vtkSmartPointer@VvtkDataArray@@@@@Z) 中导入
QT_Show_PCD.obj : warning LNK4217: 本地定义的符号 ?SetArray@?$vtkAOSDataArrayTemplate@E@@QEAAXPEAE_JHH@Z (public: void __cdecl vtkAOSDataArrayTemplate<unsigned char>::SetArray(unsigned char *,__int64,int,int)) 在函数 "public: virtual bool __cdecl pcl::visualization::PointCloudColorHandlerCustom<struct pcl::PointXYZ>::getColor(class vtkSmartPointer<class vtkDataArray> &)const " (?getColor@?$PointCloudColorHandlerCustom@UPointXYZ@pcl@@@visualization@pcl@@UEBA_NAEAV?$vtkSmartPointer@VvtkDataArray@@@@@Z) 中导入
QT_Show_PCD.obj : warning LNK4217: 本地定义的符号 ?New@vtkMatrix4x4@@SAPEAV1@XZ (public: static class vtkMatrix4x4 * __cdecl vtkMatrix4x4::New(void)) 在函数 "public: static class vtkSmartPointer<class vtkMatrix4x4> __cdecl vtkSmartPointer<class vtkMatrix4x4>::New(void)" (?New@?$vtkSmartPointer@VvtkMatrix4x4@@@@SA?AV1@XZ) 中导入
QT_Show_PCD.obj : warning LNK4217: 本地定义的符号 ?New@vtkUnsignedCharArray@@SAPEAV1@XZ (public: static class vtkUnsignedCharArray * __cdecl vtkUnsignedCharArray::New(void)) 在函数 "public: static class vtkSmartPointer<class vtkUnsignedCharArray> __cdecl vtkSmartPointer<class vtkUnsignedCharArray>::New(void)" (?New@?$vtkSmartPointer@VvtkUnsignedCharArray@@@@SA?AV1@XZ) 中导入
QT_Show_PCD.obj : warning LNK4217: 本地定义的符号 ?SetUserMatrix@vtkProp3D@@QEAAXPEAVvtkMatrix4x4@@@Z (public: void __cdecl vtkProp3D::SetUserMatrix(class vtkMatrix4x4 *)) 在函数 "private: bool __cdecl pcl::visualization::PCLVisualizer::fromHandlersToScreen<struct pcl::PointXYZ>(class pcl::visualization::PointCloudGeometryHandler<struct pcl::PointXYZ> const &,class pcl::visualization::PointCloudColorHandler<struct pcl::PointXYZ> const &,class std::basic_string<char,struct std::char_traits<char>,class std::allocator<char> > const &,int,class Eigen::Matrix<float,4,1,0,4,1> const &,class Eigen::Quaternion<float,0> const &)" (??$fromHandlersToScreen@UPointXYZ@pcl@@@PCLVisualizer@visualization@pcl@@AEAA_NAEBV?$PointCloudGeometryHandler@UPointXYZ@pcl@@@12@AEBV?$PointCloudColorHandler@UPointXYZ@pcl@@@12@AEBV?$basic_string@DU?$char_traits@D@std@@V?$allocator@D@2@@std@@HAEBV?$Matrix@M$03$00$0A@$03$00@Eigen@@AEBV?$Quaternion@M$0A@@8@@Z) 中导入
QT_Show_PCD.obj : warning LNK4217: 本地定义的符号 ?New@vtkCellArray@@SAPEAV1@XZ (public: static class vtkCellArray * __cdecl vtkCellArray::New(void)) 在函数 "public: static class vtkSmartPointer<class vtkCellArray> __cdecl vtkSmartPointer<class vtkCellArray>::New(void)" (?New@?$vtkSmartPointer@VvtkCellArray@@@@SA?AV1@XZ) 中导入
QT_Show_PCD.obj : warning LNK4217: 本地定义的符号 ?SetCells@vtkCellArray@@QEAAX_JPEAVvtkIdTypeArray@@@Z (public: void __cdecl vtkCellArray::SetCells(__int64,class vtkIdTypeArray *)) 在函数 "private: void __cdecl pcl::visualization::PCLVisualizer::convertPointCloudToVTKPolyData<struct pcl::PointXYZ>(class pcl::visualization::PointCloudGeometryHandler<struct pcl::PointXYZ> const &,class vtkSmartPointer<class vtkPolyData> &,class vtkSmartPointer<class vtkIdTypeArray> &)" (??$convertPointCloudToVTKPolyData@UPointXYZ@pcl@@@PCLVisualizer@visualization@pcl@@AEAAXAEBV?$PointCloudGeometryHandler@UPointXYZ@pcl@@@12@AEAV?$vtkSmartPointer@VvtkPolyData@@@@AEAV?$vtkSmartPointer@VvtkIdTypeArray@@@@@Z) 中导入
QT_Show_PCD.obj : warning LNK4217: 本地定义的符号 ?GetData@vtkCellArray@@QEAAPEAVvtkIdTypeArray@@XZ (public: class vtkIdTypeArray * __cdecl vtkCellArray::GetData(void)) 在函数 "private: void __cdecl pcl::visualization::PCLVisualizer::convertPointCloudToVTKPolyData<struct pcl::PointXYZ>(class pcl::visualization::PointCloudGeometryHandler<struct pcl::PointXYZ> const &,class vtkSmartPointer<class vtkPolyData> &,class vtkSmartPointer<class vtkIdTypeArray> &)" (??$convertPointCloudToVTKPolyData@UPointXYZ@pcl@@@PCLVisualizer@visualization@pcl@@AEAAXAEBV?$PointCloudGeometryHandler@UPointXYZ@pcl@@@12@AEAV?$vtkSmartPointer@VvtkPolyData@@@@AEAV?$vtkSmartPointer@VvtkIdTypeArray@@@@@Z) 中导入
QT_Show_PCD.obj : warning LNK4217: 本地定义的符号 ?GetPointData@vtkDataSet@@QEAAPEAVvtkPointData@@XZ (public: class vtkPointData * __cdecl vtkDataSet::GetPointData(void)) 在函数 "private: bool __cdecl pcl::visualization::PCLVisualizer::fromHandlersToScreen<struct pcl::PointXYZ>(class pcl::visualization::PointCloudGeometryHandler<struct pcl::PointXYZ> const &,class pcl::visualization::PointCloudColorHandler<struct pcl::PointXYZ> const &,class std::basic_string<char,struct std::char_traits<char>,class std::allocator<char> > const &,int,class Eigen::Matrix<float,4,1,0,4,1> const &,class Eigen::Quaternion<float,0> const &)" (??$fromHandlersToScreen@UPointXYZ@pcl@@@PCLVisualizer@visualization@pcl@@AEAA_NAEBV?$PointCloudGeometryHandler@UPointXYZ@pcl@@@12@AEBV?$PointCloudColorHandler@UPointXYZ@pcl@@@12@AEBV?$basic_string@DU?$char_traits@D@std@@V?$allocator@D@2@@std@@HAEBV?$Matrix@M$03$00$0A@$03$00@Eigen@@AEBV?$Quaternion@M$0A@@8@@Z) 中导入
QT_Show_PCD.obj : warning LNK4217: 本地定义的符号 ?SetVerts@vtkPolyData@@QEAAXPEAVvtkCellArray@@@Z (public: void __cdecl vtkPolyData::SetVerts(class vtkCellArray *)) 在函数 "private: void __cdecl pcl::visualization::PCLVisualizer::convertPointCloudToVTKPolyData<struct pcl::PointXYZ>(class pcl::visualization::PointCloudGeometryHandler<struct pcl::PointXYZ> const &,class vtkSmartPointer<class vtkPolyData> &,class vtkSmartPointer<class vtkIdTypeArray> &)" (??$convertPointCloudToVTKPolyData@UPointXYZ@pcl@@@PCLVisualizer@visualization@pcl@@AEAAXAEBV?$PointCloudGeometryHandler@UPointXYZ@pcl@@@12@AEAV?$vtkSmartPointer@VvtkPolyData@@@@AEAV?$vtkSmartPointer@VvtkIdTypeArray@@@@@Z) 中导入
QT_Show_PCD.obj : warning LNK4217: 本地定义的符号 ?GetVerts@vtkPolyData@@QEAAPEAVvtkCellArray@@XZ (public: class vtkCellArray * __cdecl vtkPolyData::GetVerts(void)) 在函数 "private: void __cdecl pcl::visualization::PCLVisualizer::convertPointCloudToVTKPolyData<struct pcl::PointXYZ>(class pcl::visualization::PointCloudGeometryHandler<struct pcl::PointXYZ> const &,class vtkSmartPointer<class vtkPolyData> &,class vtkSmartPointer<class vtkIdTypeArray> &)" (??$convertPointCloudToVTKPolyData@UPointXYZ@pcl@@@PCLVisualizer@visualization@pcl@@AEAAXAEBV?$PointCloudGeometryHandler@UPointXYZ@pcl@@@12@AEAV?$vtkSmartPointer@VvtkPolyData@@@@AEAV?$vtkSmartPointer@VvtkIdTypeArray@@@@@Z) 中导入
QT_Show_PCD.obj : warning LNK4217: 本地定义的符号 ?SetScalars@vtkDataSetAttributes@@QEAAHPEAVvtkDataArray@@@Z (public: int __cdecl vtkDataSetAttributes::SetScalars(class vtkDataArray *)) 在函数 "private: bool __cdecl pcl::visualization::PCLVisualizer::fromHandlersToScreen<struct pcl::PointXYZ>(class pcl::visualization::PointCloudGeometryHandler<struct pcl::PointXYZ> const &,class pcl::visualization::PointCloudColorHandler<struct pcl::PointXYZ> const &,class std::basic_string<char,struct std::char_traits<char>,class std::allocator<char> > const &,int,class Eigen::Matrix<float,4,1,0,4,1> const &,class Eigen::Quaternion<float,0> const &)" (??$fromHandlersToScreen@UPointXYZ@pcl@@@PCLVisualizer@visualization@pcl@@AEAA_NAEBV?$PointCloudGeometryHandler@UPointXYZ@pcl@@@12@AEBV?$PointCloudColorHandler@UPointXYZ@pcl@@@12@AEBV?$basic_string@DU?$char_traits@D@std@@V?$allocator@D@2@@std@@HAEBV?$Matrix@M$03$00$0A@$03$00@Eigen@@AEBV?$Quaternion@M$0A@@8@@Z) 中导入
QT_Show_PCD.obj : warning LNK4217: 本地定义的符号 ?SetScalarRange@vtkMapper@@QEAAXQEAN@Z (public: void __cdecl vtkMapper::SetScalarRange(double * const)) 在函数 "private: bool __cdecl pcl::visualization::PCLVisualizer::fromHandlersToScreen<struct pcl::PointXYZ>(class pcl::visualization::PointCloudGeometryHandler<struct pcl::PointXYZ> const &,class pcl::visualization::PointCloudColorHandler<struct pcl::PointXYZ> const &,class std::basic_string<char,struct std::char_traits<char>,class std::allocator<char> > const &,int,class Eigen::Matrix<float,4,1,0,4,1> const &,class Eigen::Quaternion<float,0> const &)" (??$fromHandlersToScreen@UPointXYZ@pcl@@@PCLVisualizer@visualization@pcl@@AEAA_NAEBV?$PointCloudGeometryHandler@UPointXYZ@pcl@@@12@AEBV?$PointCloudColorHandler@UPointXYZ@pcl@@@12@AEBV?$basic_string@DU?$char_traits@D@std@@V?$allocator@D@2@@std@@HAEBV?$Matrix@M$03$00$0A@$03$00@Eigen@@AEBV?$Quaternion@M$0A@@8@@Z) 中导入
QT_Show_PCD.obj : warning LNK4217: 本地定义的符号 ?SetInputData@vtkPolyDataMapper@@QEAAXPEAVvtkPolyData@@@Z (public: void __cdecl vtkPolyDataMapper::SetInputData(class vtkPolyData *)) 在函数 "public: bool __cdecl pcl::visualization::PCLVisualizer::updatePointCloud<struct pcl::PointXYZ>(class boost::shared_ptr<class pcl::PointCloud<struct pcl::PointXYZ> const > const &,class std::basic_string<char,struct std::char_traits<char>,class std::allocator<char> > const &)" (??$updatePointCloud@UPointXYZ@pcl@@@PCLVisualizer@visualization@pcl@@QEAA_NAEBV?$shared_ptr@$$CBV?$PointCloud@UPointXYZ@pcl@@@pcl@@@boost@@AEBV?$basic_string@DU?$char_traits@D@std@@V?$allocator@D@2@@std@@@Z) 中导入
QT_Show_PCD.obj : warning LNK4217: 本地定义的符号 ?GetInput@vtkPolyDataMapper@@QEAAPEAVvtkPolyData@@XZ (public: class vtkPolyData * __cdecl vtkPolyDataMapper::GetInput(void)) 在函数 "public: bool __cdecl pcl::visualization::PCLVisualizer::updatePointCloud<struct pcl::PointXYZ>(class boost::shared_ptr<class pcl::PointCloud<struct pcl::PointXYZ> const > const &,class std::basic_string<char,struct std::char_traits<char>,class std::allocator<char> > const &)" (??$updatePointCloud@UPointXYZ@pcl@@@PCLVisualizer@visualization@pcl@@QEAA_NAEBV?$shared_ptr@$$CBV?$PointCloud@UPointXYZ@pcl@@@pcl@@@boost@@AEBV?$basic_string@DU?$char_traits@D@std@@V?$allocator@D@2@@std@@@Z) 中导入
QT_Show_PCD.obj : error LNK2019: 无法解析的外部符号 "__declspec(dllimport) public: __cdecl QVTKWidget::QVTKWidget(class QWidget *,class QFlags<enum Qt::WindowType>)" (__imp_??0QVTKWidget@@QEAA@PEAVQWidget@@V?$QFlags@W4WindowType@Qt@@@@@Z)，该符号在函数 "public: void __cdecl Ui_QT_Show_PCDClass::setupUi(class QMainWindow *)" (?setupUi@Ui_QT_Show_PCDClass@@QEAAXPEAVQMainWindow@@@Z) 中被引用
QT_Show_PCD.obj : error LNK2019: 无法解析的外部符号 "__declspec(dllimport) public: virtual __cdecl QVTKWidget::~QVTKWidget(void)" (__imp_??1QVTKWidget@@UEAA@XZ)，该符号在函数 "public: virtual void * __cdecl QVTKWidget::`scalar deleting destructor'(unsigned int)" (??_GQVTKWidget@@UEAAPEAXI@Z) 中被引用
QT_Show_PCD.obj : error LNK2019: 无法解析的外部符号 "__declspec(dllimport) public: void __cdecl vtkDataArray::GetRange(double * const)" (__imp_?GetRange@vtkDataArray@@QEAAXQEAN@Z)，该符号在函数 "private: bool __cdecl pcl::visualization::PCLVisualizer::fromHandlersToScreen<struct pcl::PointXYZ>(class pcl::visualization::PointCloudGeometryHandler<struct pcl::PointXYZ> const &,class pcl::visualization::PointCloudColorHandler<struct pcl::PointXYZ> const &,class std::basic_string<char,struct std::char_traits<char>,class std::allocator<char> > const &,int,class Eigen::Matrix<float,4,1,0,4,1> const &,class Eigen::Quaternion<float,0> const &)" (??$fromHandlersToScreen@UPointXYZ@pcl@@@PCLVisualizer@visualization@pcl@@AEAA_NAEBV?$PointCloudGeometryHandler@UPointXYZ@pcl@@@12@AEBV?$PointCloudColorHandler@UPointXYZ@pcl@@@12@AEBV?$basic_string@DU?$char_traits@D@std@@V?$allocator@D@2@@std@@HAEBV?$Matrix@M$03$00$0A@$03$00@Eigen@@AEBV?$Quaternion@M$0A@@8@@Z) 中被引用
QT_Show_PCD.obj : error LNK2019: 无法解析的外部符号 "__declspec(dllimport) public: void __cdecl vtkPoints::SetDataTypeToFloat(void)" (__imp_?SetDataTypeToFloat@vtkPoints@@QEAAXXZ)，该符号在函数 "private: void __cdecl pcl::visualization::PCLVisualizer::convertPointCloudToVTKPolyData<struct pcl::PointXYZ>(class boost::shared_ptr<class pcl::PointCloud<struct pcl::PointXYZ> const > const &,class vtkSmartPointer<class vtkPolyData> &,class vtkSmartPointer<class vtkIdTypeArray> &)" (??$convertPointCloudToVTKPolyData@UPointXYZ@pcl@@@PCLVisualizer@visualization@pcl@@AEAAXAEBV?$shared_ptr@$$CBV?$PointCloud@UPointXYZ@pcl@@@pcl@@@boost@@AEAV?$vtkSmartPointer@VvtkPolyData@@@@AEAV?$vtkSmartPointer@VvtkIdTypeArray@@@@@Z) 中被引用
QT_Show_PCD.obj : error LNK2001: 无法解析的外部符号 "public: virtual class QVTKInteractor * __cdecl QVTKWidget::GetInteractor(void)" (?GetInteractor@QVTKWidget@@UEAAPEAVQVTKInteractor@@XZ)
QT_Show_PCD.obj : error LNK2001: 无法解析的外部符号 "public: virtual class vtkRenderWindow * __cdecl QVTKWidget::GetRenderWindow(void)" (?GetRenderWindow@QVTKWidget@@UEAAPEAVvtkRenderWindow@@XZ)
QT_Show_PCD.obj : error LNK2001: 无法解析的外部符号 "public: virtual void __cdecl QVTKWidget::SetRenderWindow(class vtkRenderWindow *)" (?SetRenderWindow@QVTKWidget@@UEAAXPEAVvtkRenderWindow@@@Z)
QT_Show_PCD.obj : error LNK2001: 无法解析的外部符号 "public: virtual class vtkImageData * __cdecl QVTKWidget::cachedImage(void)" (?cachedImage@QVTKWidget@@UEAAPEAVvtkImageData@@XZ)
QT_Show_PCD.obj : error LNK2001: 无法解析的外部符号 "protected: virtual void __cdecl QVTKWidget::contextMenuEvent(class QContextMenuEvent *)" (?contextMenuEvent@QVTKWidget@@MEAAXPEAVQContextMenuEvent@@@Z)
QT_Show_PCD.obj : error LNK2001: 无法解析的外部符号 "protected: virtual void __cdecl QVTKWidget::deferRender(void)" (?deferRender@QVTKWidget@@MEAAXXZ)
QT_Show_PCD.obj : error LNK2001: 无法解析的外部符号 "protected: virtual void __cdecl QVTKWidget::doDeferredRender(void)" (?doDeferredRender@QVTKWidget@@MEAAXXZ)
QT_Show_PCD.obj : error LNK2001: 无法解析的外部符号 "protected: virtual void __cdecl QVTKWidget::dragEnterEvent(class QDragEnterEvent *)" (?dragEnterEvent@QVTKWidget@@MEAAXPEAVQDragEnterEvent@@@Z)
QT_Show_PCD.obj : error LNK2001: 无法解析的外部符号 "protected: virtual void __cdecl QVTKWidget::dragLeaveEvent(class QDragLeaveEvent *)" (?dragLeaveEvent@QVTKWidget@@MEAAXPEAVQDragLeaveEvent@@@Z)
QT_Show_PCD.obj : error LNK2001: 无法解析的外部符号 "protected: virtual void __cdecl QVTKWidget::dragMoveEvent(class QDragMoveEvent *)" (?dragMoveEvent@QVTKWidget@@MEAAXPEAVQDragMoveEvent@@@Z)
QT_Show_PCD.obj : error LNK2001: 无法解析的外部符号 "protected: virtual void __cdecl QVTKWidget::dropEvent(class QDropEvent *)" (?dropEvent@QVTKWidget@@MEAAXPEAVQDropEvent@@@Z)
QT_Show_PCD.obj : error LNK2001: 无法解析的外部符号 "protected: virtual void __cdecl QVTKWidget::enterEvent(class QEvent *)" (?enterEvent@QVTKWidget@@MEAAXPEAVQEvent@@@Z)
QT_Show_PCD.obj : error LNK2001: 无法解析的外部符号 "protected: virtual bool __cdecl QVTKWidget::event(class QEvent *)" (?event@QVTKWidget@@MEAA_NPEAVQEvent@@@Z)
QT_Show_PCD.obj : error LNK2001: 无法解析的外部符号 "protected: virtual void __cdecl QVTKWidget::focusInEvent(class QFocusEvent *)" (?focusInEvent@QVTKWidget@@MEAAXPEAVQFocusEvent@@@Z)
QT_Show_PCD.obj : error LNK2001: 无法解析的外部符号 "protected: virtual void __cdecl QVTKWidget::focusOutEvent(class QFocusEvent *)" (?focusOutEvent@QVTKWidget@@MEAAXPEAVQFocusEvent@@@Z)
QT_Show_PCD.obj : error LNK2001: 无法解析的外部符号 "public: virtual bool __cdecl QVTKWidget::isAutomaticImageCacheEnabled(void)const " (?isAutomaticImageCacheEnabled@QVTKWidget@@UEBA_NXZ)
QT_Show_PCD.obj : error LNK2001: 无法解析的外部符号 "protected: virtual void __cdecl QVTKWidget::keyPressEvent(class QKeyEvent *)" (?keyPressEvent@QVTKWidget@@MEAAXPEAVQKeyEvent@@@Z)
QT_Show_PCD.obj : error LNK2001: 无法解析的外部符号 "protected: virtual void __cdecl QVTKWidget::keyReleaseEvent(class QKeyEvent *)" (?keyReleaseEvent@QVTKWidget@@MEAAXPEAVQKeyEvent@@@Z)
QT_Show_PCD.obj : error LNK2001: 无法解析的外部符号 "protected: virtual void __cdecl QVTKWidget::leaveEvent(class QEvent *)" (?leaveEvent@QVTKWidget@@MEAAXPEAVQEvent@@@Z)
QT_Show_PCD.obj : error LNK2001: 无法解析的外部符号 "public: virtual double __cdecl QVTKWidget::maxRenderRateForImageCache(void)const " (?maxRenderRateForImageCache@QVTKWidget@@UEBANXZ)
QT_Show_PCD.obj : error LNK2001: 无法解析的外部符号 "public: virtual struct QMetaObject const * __cdecl QVTKWidget::metaObject(void)const " (?metaObject@QVTKWidget@@UEBAPEBUQMetaObject@@XZ)
QT_Show_PCD.obj : error LNK2001: 无法解析的外部符号 "protected: virtual void __cdecl QVTKWidget::mouseMoveEvent(class QMouseEvent *)" (?mouseMoveEvent@QVTKWidget@@MEAAXPEAVQMouseEvent@@@Z)
QT_Show_PCD.obj : error LNK2001: 无法解析的外部符号 "protected: virtual void __cdecl QVTKWidget::mousePressEvent(class QMouseEvent *)" (?mousePressEvent@QVTKWidget@@MEAAXPEAVQMouseEvent@@@Z)
QT_Show_PCD.obj : error LNK2001: 无法解析的外部符号 "protected: virtual void __cdecl QVTKWidget::mouseReleaseEvent(class QMouseEvent *)" (?mouseReleaseEvent@QVTKWidget@@MEAAXPEAVQMouseEvent@@@Z)
QT_Show_PCD.obj : error LNK2001: 无法解析的外部符号 "protected: virtual void __cdecl QVTKWidget::moveEvent(class QMoveEvent *)" (?moveEvent@QVTKWidget@@MEAAXPEAVQMoveEvent@@@Z)
QT_Show_PCD.obj : error LNK2001: 无法解析的外部符号 "protected: virtual bool __cdecl QVTKWidget::nativeEvent(class QByteArray const &,void *,long *)" (?nativeEvent@QVTKWidget@@MEAA_NAEBVQByteArray@@PEAXPEAJ@Z)
QT_Show_PCD.obj : error LNK2001: 无法解析的外部符号 "protected: virtual bool __cdecl QVTKWidget::paintCachedImage(void)" (?paintCachedImage@QVTKWidget@@MEAA_NXZ)
QT_Show_PCD.obj : error LNK2001: 无法解析的外部符号 "public: virtual class QPaintEngine * __cdecl QVTKWidget::paintEngine(void)const " (?paintEngine@QVTKWidget@@UEBAPEAVQPaintEngine@@XZ)
QT_Show_PCD.obj : error LNK2001: 无法解析的外部符号 "protected: virtual void __cdecl QVTKWidget::paintEvent(class QPaintEvent *)" (?paintEvent@QVTKWidget@@MEAAXPEAVQPaintEvent@@@Z)
QT_Show_PCD.obj : error LNK2001: 无法解析的外部符号 "public: virtual int __cdecl QVTKWidget::qt_metacall(enum QMetaObject::Call,int,void * *)" (?qt_metacall@QVTKWidget@@UEAAHW4Call@QMetaObject@@HPEAPEAX@Z)
QT_Show_PCD.obj : error LNK2001: 无法解析的外部符号 "public: virtual void * __cdecl QVTKWidget::qt_metacast(char const *)" (?qt_metacast@QVTKWidget@@UEAAPEAXPEBD@Z)
QT_Show_PCD.obj : error LNK2001: 无法解析的外部符号 "protected: virtual void __cdecl QVTKWidget::resizeEvent(class QResizeEvent *)" (?resizeEvent@QVTKWidget@@MEAAXPEAVQResizeEvent@@@Z)
QT_Show_PCD.obj : error LNK2001: 无法解析的外部符号 "public: virtual void __cdecl QVTKWidget::setAutomaticImageCacheEnabled(bool)" (?setAutomaticImageCacheEnabled@QVTKWidget@@UEAAX_N@Z)
QT_Show_PCD.obj : error LNK2001: 无法解析的外部符号 "public: virtual void __cdecl QVTKWidget::setMaxRenderRateForImageCache(double)" (?setMaxRenderRateForImageCache@QVTKWidget@@UEAAXN@Z)
QT_Show_PCD.obj : error LNK2001: 无法解析的外部符号 "public: virtual void __cdecl QVTKWidget::showEvent(class QShowEvent *)" (?showEvent@QVTKWidget@@UEAAXPEAVQShowEvent@@@Z)
QT_Show_PCD.obj : error LNK2001: 无法解析的外部符号 "protected: virtual void __cdecl QVTKWidget::wheelEvent(class QWheelEvent *)" (?wheelEvent@QVTKWidget@@MEAAXPEAVQWheelEvent@@@Z)
vtkRenderingOpenGL-8.0-gd.lib(vtkWin32OpenGLRenderWindow.obj) : error LNK2019: 无法解析的外部符号 __imp_wglCreateContext，该符号在函数 "public: virtual void __cdecl vtkWin32OpenGLRenderWindow::SetupPixelFormat(struct HDC__ *,unsigned long,int,int,int)" (?SetupPixelFormat@vtkWin32OpenGLRenderWindow@@UEAAXPEAUHDC__@@KHHH@Z) 中被引用
vtkRenderingOpenGL-8.0-gd.lib(vtkWin32OpenGLRenderWindow.obj) : error LNK2019: 无法解析的外部符号 __imp_wglDeleteContext，该符号在函数 "public: virtual void __cdecl vtkWin32OpenGLRenderWindow::SetWindowId(struct HWND__ *)" (?SetWindowId@vtkWin32OpenGLRenderWindow@@UEAAXPEAUHWND__@@@Z) 中被引用
vtkRenderingOpenGL-8.0-gd.lib(vtkWin32OpenGLRenderWindow.obj) : error LNK2019: 无法解析的外部符号 __imp_wglGetCurrentContext，该符号在函数 "public: virtual bool __cdecl vtkWin32OpenGLRenderWindow::InitializeFromCurrentContext(void)" (?InitializeFromCurrentContext@vtkWin32OpenGLRenderWindow@@UEAA_NXZ) 中被引用
vtkRenderingOpenGL-8.0-gd.lib(vtkWin32OpenGLRenderWindow.obj) : error LNK2019: 无法解析的外部符号 __imp_wglGetCurrentDC，该符号在函数 "public: virtual bool __cdecl vtkWin32OpenGLRenderWindow::InitializeFromCurrentContext(void)" (?InitializeFromCurrentContext@vtkWin32OpenGLRenderWindow@@UEAA_NXZ) 中被引用
vtkRenderingOpenGL-8.0-gd.lib(vtkOpenGLExtensionManager.obj) : error LNK2001: 无法解析的外部符号 __imp_wglGetCurrentDC
vtkRenderingOpenGL-8.0-gd.lib(vtkWin32OpenGLRenderWindow.obj) : error LNK2019: 无法解析的外部符号 __imp_wglGetProcAddress，该符号在函数 "public: virtual void __cdecl vtkWin32OpenGLRenderWindow::SetupPixelFormat(struct HDC__ *,unsigned long,int,int,int)" (?SetupPixelFormat@vtkWin32OpenGLRenderWindow@@UEAAXPEAUHDC__@@KHHH@Z) 中被引用
vtkRenderingOpenGL-8.0-gd.lib(vtkOpenGLExtensionManager.obj) : error LNK2001: 无法解析的外部符号 __imp_wglGetProcAddress
vtkRenderingOpenGL-8.0-gd.lib(vtkWin32OpenGLRenderWindow.obj) : error LNK2019: 无法解析的外部符号 __imp_wglMakeCurrent，该符号在函数 "public: virtual void __cdecl vtkWin32OpenGLRenderWindow::MakeCurrent(void)" (?MakeCurrent@vtkWin32OpenGLRenderWindow@@UEAAXXZ) 中被引用
vtkRenderingOpenGL-8.0-gd.lib(vtkOpenGLRenderWindow.obj) : error LNK2001: 无法解析的外部符号 __imp_glDeleteTextures
vtkRenderingOpenGL-8.0-gd.lib(vtkWin32OpenGLRenderWindow.obj) : error LNK2001: 无法解析的外部符号 __imp_glDeleteTextures
vtkRenderingOpenGL-8.0-gd.lib(vtkOpenGLImageSliceMapper.obj) : error LNK2001: 无法解析的外部符号 __imp_glDeleteTextures
vtkRenderingOpenGL-8.0-gd.lib(vtkOpenGLRenderer.obj) : error LNK2001: 无法解析的外部符号 __imp_glDeleteTextures
vtkRenderingOpenGL-8.0-gd.lib(vtkOpenGLTexture.obj) : error LNK2001: 无法解析的外部符号 __imp_glDeleteTextures
vtkRenderingOpenGL-8.0-gd.lib(vtkOpenGLPolyDataMapper2D.obj) : error LNK2001: 无法解析的外部符号 __imp_glDisable
vtkRenderingOpenGL-8.0-gd.lib(vtkOpenGLRenderWindow.obj) : error LNK2001: 无法解析的外部符号 __imp_glDisable
vtkRenderingOpenGL-8.0-gd.lib(vtkOpenGLRepresentationPainter.obj) : error LNK2001: 无法解析的外部符号 __imp_glDisable
vtkRenderingOpenGL-8.0-gd.lib(vtkOpenGLScalarsToColorsPainter.obj) : error LNK2001: 无法解析的外部符号 __imp_glDisable
vtkRenderingOpenGL-8.0-gd.lib(vtkOpenGLTexture.obj) : error LNK2001: 无法解析的外部符号 __imp_glDisable
vtkRenderingOpenGL-8.0-gd.lib(vtkOpenGLImageMapper.obj) : error LNK2001: 无法解析的外部符号 __imp_glDisable
vtkRenderingOpenGL-8.0-gd.lib(vtkOpenGLLightingPainter.obj) : error LNK2001: 无法解析的外部符号 __imp_glDisable
vtkRenderingOpenGL-8.0-gd.lib(vtkOpenGLPainterDeviceAdapter.obj) : error LNK2001: 无法解析的外部符号 __imp_glDisable
vtkRenderingOpenGL-8.0-gd.lib(vtkOpenGLProperty.obj) : error LNK2001: 无法解析的外部符号 __imp_glDisable
vtkRenderingOpenGL-8.0-gd.lib(vtkOpenGLRenderer.obj) : error LNK2001: 无法解析的外部符号 __imp_glDisable
vtkRenderingOpenGL-8.0-gd.lib(vtkOpenGLGlyph3DMapper.obj) : error LNK2001: 无法解析的外部符号 __imp_glDisable
vtkRenderingOpenGL-8.0-gd.lib(vtkOpenGLHardwareSelector.obj) : error LNK2001: 无法解析的外部符号 __imp_glDisable
vtkRenderingOpenGL-8.0-gd.lib(vtkOpenGLImageSliceMapper.obj) : error LNK2001: 无法解析的外部符号 __imp_glDisable
vtkRenderingOpenGL-8.0-gd.lib(vtkOpenGLLabeledContourMapper.obj) : error LNK2001: 无法解析的外部符号 __imp_glDisable
vtkRenderingOpenGL-8.0-gd.lib(vtkWin32OpenGLRenderWindow.obj) : error LNK2001: 无法解析的外部符号 __imp_glDisable
vtkRenderingOpenGL-8.0-gd.lib(vtkOpenGLClipPlanesPainter.obj) : error LNK2001: 无法解析的外部符号 __imp_glDisable
vtkRenderingOpenGL-8.0-gd.lib(vtkOpenGLCoincidentTopologyResolutionPainter.obj) : error LNK2001: 无法解析的外部符号 __imp_glDisable
vtkRenderingOpenGL-8.0-gd.lib(vtkOpenGLCompositePainter.obj) : error LNK2001: 无法解析的外部符号 __imp_glDisable
vtkRenderingOpenGL-8.0-gd.lib(vtkWin32OpenGLRenderWindow.obj) : error LNK2019: 无法解析的外部符号 __imp_glFlush，该符号在函数 "public: virtual void __cdecl vtkWin32OpenGLRenderWindow::Frame(void)" (?Frame@vtkWin32OpenGLRenderWindow@@UEAAXXZ) 中被引用
vtkRenderingOpenGL-8.0-gd.lib(vtkOpenGLRenderer.obj) : error LNK2001: 无法解析的外部符号 __imp_glFlush
vtkRenderingOpenGL-8.0-gd.lib(vtkOpenGLRenderWindow.obj) : error LNK2001: 无法解析的外部符号 __imp_glFlush
vtkRenderingOpenGL-8.0-gd.lib(vtkShaderProgram2.obj) : error LNK2001: 无法解析的外部符号 __imp_glGetError
vtkRenderingOpenGL-8.0-gd.lib(vtkUniformVariables.obj) : error LNK2001: 无法解析的外部符号 __imp_glGetError
vtkRenderingOpenGL-8.0-gd.lib(vtkHiddenLineRemovalPass.obj) : error LNK2001: 无法解析的外部符号 __imp_glGetError
vtkRenderingOpenGL-8.0-gd.lib(vtkPixelBufferObject.obj) : error LNK2001: 无法解析的外部符号 __imp_glGetError
vtkRenderingOpenGL-8.0-gd.lib(vtkOpenGLImageMapper.obj) : error LNK2001: 无法解析的外部符号 __imp_glGetError
vtkRenderingOpenGL-8.0-gd.lib(vtkOpenGLPolyDataMapper2D.obj) : error LNK2001: 无法解析的外部符号 __imp_glGetError
vtkRenderingOpenGL-8.0-gd.lib(vtkOpenGLRenderWindow.obj) : error LNK2001: 无法解析的外部符号 __imp_glGetError
vtkRenderingOpenGL-8.0-gd.lib(vtkShader2.obj) : error LNK2001: 无法解析的外部符号 __imp_glGetError
vtkRenderingOpenGL-8.0-gd.lib(vtkOpenGLRenderer.obj) : error LNK2001: 无法解析的外部符号 __imp_glGetError
vtkRenderingOpenGL-8.0-gd.lib(vtkOpenGLRepresentationPainter.obj) : error LNK2001: 无法解析的外部符号 __imp_glGetError
vtkRenderingOpenGL-8.0-gd.lib(vtkOpenGLScalarsToColorsPainter.obj) : error LNK2001: 无法解析的外部符号 __imp_glGetError
vtkRenderingOpenGL-8.0-gd.lib(vtkOpenGLTexture.obj) : error LNK2001: 无法解析的外部符号 __imp_glGetError
vtkRenderingOpenGL-8.0-gd.lib(vtkOpenGLLabeledContourMapper.obj) : error LNK2001: 无法解析的外部符号 __imp_glGetError
vtkRenderingOpenGL-8.0-gd.lib(vtkOpenGLLight.obj) : error LNK2001: 无法解析的外部符号 __imp_glGetError
vtkRenderingOpenGL-8.0-gd.lib(vtkOpenGLPainterDeviceAdapter.obj) : error LNK2001: 无法解析的外部符号 __imp_glGetError
vtkRenderingOpenGL-8.0-gd.lib(vtkOpenGLProperty.obj) : error LNK2001: 无法解析的外部符号 __imp_glGetError
vtkRenderingOpenGL-8.0-gd.lib(vtkOpenGLCoincidentTopologyResolutionPainter.obj) : error LNK2001: 无法解析的外部符号 __imp_glGetError
vtkRenderingOpenGL-8.0-gd.lib(vtkOpenGLDisplayListPainter.obj) : error LNK2001: 无法解析的外部符号 __imp_glGetError
vtkRenderingOpenGL-8.0-gd.lib(vtkOpenGLGlyph3DMapper.obj) : error LNK2001: 无法解析的外部符号 __imp_glGetError
vtkRenderingOpenGL-8.0-gd.lib(vtkOpenGLImageSliceMapper.obj) : error LNK2001: 无法解析的外部符号 __imp_glGetError
vtkRenderingOpenGL-8.0-gd.lib(vtkWin32OpenGLRenderWindow.obj) : error LNK2001: 无法解析的外部符号 __imp_glGetError
vtkRenderingOpenGL-8.0-gd.lib(vtkOpenGLActor.obj) : error LNK2001: 无法解析的外部符号 __imp_glGetError
vtkRenderingOpenGL-8.0-gd.lib(vtkOpenGLCamera.obj) : error LNK2001: 无法解析的外部符号 __imp_glGetError
vtkRenderingOpenGL-8.0-gd.lib(vtkOpenGLClipPlanesPainter.obj) : error LNK2001: 无法解析的外部符号 __imp_glGetError
vtkRenderingOpenGL-8.0-gd.lib(vtkWin32OpenGLRenderWindow.obj) : error LNK2019: 无法解析的外部符号 __imp_glGetString，该符号在函数 "public: virtual char const * __cdecl vtkWin32OpenGLRenderWindow::ReportCapabilities(void)" (?ReportCapabilities@vtkWin32OpenGLRenderWindow@@UEAAPEBDXZ) 中被引用
vtkRenderingOpenGL-8.0-gd.lib(vtkOpenGLImageSliceMapper.obj) : error LNK2001: 无法解析的外部符号 __imp_glGetString
vtkRenderingOpenGL-8.0-gd.lib(vtkOpenGLRenderWindow.obj) : error LNK2001: 无法解析的外部符号 __imp_glGetString
vtkRenderingOpenGL-8.0-gd.lib(vtkOpenGLExtensionManager.obj) : error LNK2001: 无法解析的外部符号 __imp_glGetString
vtkRenderingOpenGL-8.0-gd.lib(vtkWin32OpenGLRenderWindow.obj) : error LNK2019: 无法解析的外部符号 __imp_glIsTexture，该符号在函数 "public: void __cdecl vtkWin32OpenGLRenderWindow::Clean(void)" (?Clean@vtkWin32OpenGLRenderWindow@@QEAAXXZ) 中被引用
vtkRenderingOpenGL-8.0-gd.lib(vtkOpenGLImageSliceMapper.obj) : error LNK2001: 无法解析的外部符号 __imp_glIsTexture
vtkRenderingOpenGL-8.0-gd.lib(vtkOpenGLTexture.obj) : error LNK2001: 无法解析的外部符号 __imp_glIsTexture
vtkRenderingOpenGL-8.0-gd.lib(vtkOpenGLPolyDataMapper2D.obj) : error LNK2001: 无法解析的外部符号 __imp_glDepthMask
vtkRenderingOpenGL-8.0-gd.lib(vtkOpenGLRenderWindow.obj) : error LNK2001: 无法解析的外部符号 __imp_glDepthMask
vtkRenderingOpenGL-8.0-gd.lib(vtkOpenGLActor.obj) : error LNK2001: 无法解析的外部符号 __imp_glDepthMask
vtkRenderingOpenGL-8.0-gd.lib(vtkOpenGLImageSliceMapper.obj) : error LNK2001: 无法解析的外部符号 __imp_glDepthMask
vtkRenderingOpenGL-8.0-gd.lib(vtkOpenGLLabeledContourMapper.obj) : error LNK2001: 无法解析的外部符号 __imp_glDepthMask
vtkRenderingOpenGL-8.0-gd.lib(vtkOpenGLPainterDeviceAdapter.obj) : error LNK2001: 无法解析的外部符号 __imp_glDepthMask
vtkRenderingOpenGL-8.0-gd.lib(vtkOpenGLPolyDataMapper2D.obj) : error LNK2001: 无法解析的外部符号 __imp_glGetIntegerv
vtkRenderingOpenGL-8.0-gd.lib(vtkOpenGLRenderWindow.obj) : error LNK2001: 无法解析的外部符号 __imp_glGetIntegerv
vtkRenderingOpenGL-8.0-gd.lib(vtkShaderProgram2.obj) : error LNK2001: 无法解析的外部符号 __imp_glGetIntegerv
vtkRenderingOpenGL-8.0-gd.lib(vtkOpenGLHardwareSupport.obj) : error LNK2001: 无法解析的外部符号 __imp_glGetIntegerv
vtkRenderingOpenGL-8.0-gd.lib(vtkOpenGLProperty.obj) : error LNK2001: 无法解析的外部符号 __imp_glGetIntegerv
vtkRenderingOpenGL-8.0-gd.lib(vtkOpenGLRenderer.obj) : error LNK2001: 无法解析的外部符号 __imp_glGetIntegerv
vtkRenderingOpenGL-8.0-gd.lib(vtkOpenGLScalarsToColorsPainter.obj) : error LNK2001: 无法解析的外部符号 __imp_glGetIntegerv
vtkRenderingOpenGL-8.0-gd.lib(vtkOpenGLTexture.obj) : error LNK2001: 无法解析的外部符号 __imp_glGetIntegerv
vtkRenderingOpenGL-8.0-gd.lib(vtkOpenGLActor.obj) : error LNK2001: 无法解析的外部符号 __imp_glGetIntegerv
vtkRenderingOpenGL-8.0-gd.lib(vtkOpenGLCoincidentTopologyResolutionPainter.obj) : error LNK2001: 无法解析的外部符号 __imp_glGetIntegerv
vtkRenderingOpenGL-8.0-gd.lib(vtkOpenGLImageSliceMapper.obj) : error LNK2001: 无法解析的外部符号 __imp_glGetIntegerv
vtkRenderingOpenGL-8.0-gd.lib(vtkOpenGLPainterDeviceAdapter.obj) : error LNK2001: 无法解析的外部符号 __imp_glGetIntegerv
vtkRenderingOpenGL-8.0-gd.lib(vtkOpenGLPolyDataMapper2D.obj) : error LNK2001: 无法解析的外部符号 __imp_glMatrixMode
vtkRenderingOpenGL-8.0-gd.lib(vtkOpenGLRenderWindow.obj) : error LNK2001: 无法解析的外部符号 __imp_glMatrixMode
vtkRenderingOpenGL-8.0-gd.lib(vtkOpenGLImageSliceMapper.obj) : error LNK2001: 无法解析的外部符号 __imp_glMatrixMode
vtkRenderingOpenGL-8.0-gd.lib(vtkOpenGLRenderer.obj) : error LNK2001: 无法解析的外部符号 __imp_glMatrixMode
vtkRenderingOpenGL-8.0-gd.lib(vtkOpenGLTexture.obj) : error LNK2001: 无法解析的外部符号 __imp_glMatrixMode
vtkRenderingOpenGL-8.0-gd.lib(vtkOpenGLImageMapper.obj) : error LNK2001: 无法解析的外部符号 __imp_glMatrixMode
vtkRenderingOpenGL-8.0-gd.lib(vtkOpenGLActor.obj) : error LNK2001: 无法解析的外部符号 __imp_glMatrixMode
vtkRenderingOpenGL-8.0-gd.lib(vtkOpenGLCamera.obj) : error LNK2001: 无法解析的外部符号 __imp_glMatrixMode
vtkRenderingOpenGL-8.0-gd.lib(vtkOpenGLCoincidentTopologyResolutionPainter.obj) : error LNK2001: 无法解析的外部符号 __imp_glMatrixMode
vtkRenderingOpenGL-8.0-gd.lib(vtkOpenGLGlyph3DMapper.obj) : error LNK2001: 无法解析的外部符号 __imp_glMatrixMode
vtkRenderingOpenGL-8.0-gd.lib(vtkOpenGLLight.obj) : error LNK2001: 无法解析的外部符号 __imp_glMultMatrixd
vtkRenderingOpenGL-8.0-gd.lib(vtkOpenGLTexture.obj) : error LNK2001: 无法解析的外部符号 __imp_glMultMatrixd
vtkRenderingOpenGL-8.0-gd.lib(vtkOpenGLActor.obj) : error LNK2001: 无法解析的外部符号 __imp_glMultMatrixd
vtkRenderingOpenGL-8.0-gd.lib(vtkOpenGLCamera.obj) : error LNK2001: 无法解析的外部符号 __imp_glMultMatrixd
vtkRenderingOpenGL-8.0-gd.lib(vtkOpenGLGlyph3DMapper.obj) : error LNK2001: 无法解析的外部符号 __imp_glMultMatrixd
vtkRenderingOpenGL-8.0-gd.lib(vtkOpenGLImageSliceMapper.obj) : error LNK2001: 无法解析的外部符号 __imp_glMultMatrixd
vtkRenderingOpenGL-8.0-gd.lib(vtkOpenGLRenderWindow.obj) : error LNK2001: 无法解析的外部符号 __imp_glPopMatrix
vtkRenderingOpenGL-8.0-gd.lib(vtkOpenGLLight.obj) : error LNK2001: 无法解析的外部符号 __imp_glPopMatrix
vtkRenderingOpenGL-8.0-gd.lib(vtkOpenGLRenderer.obj) : error LNK2001: 无法解析的外部符号 __imp_glPopMatrix
vtkRenderingOpenGL-8.0-gd.lib(vtkOpenGLImageMapper.obj) : error LNK2001: 无法解析的外部符号 __imp_glPopMatrix
vtkRenderingOpenGL-8.0-gd.lib(vtkOpenGLPolyDataMapper2D.obj) : error LNK2001: 无法解析的外部符号 __imp_glPopMatrix
vtkRenderingOpenGL-8.0-gd.lib(vtkOpenGLActor.obj) : error LNK2001: 无法解析的外部符号 __imp_glPopMatrix
vtkRenderingOpenGL-8.0-gd.lib(vtkOpenGLCoincidentTopologyResolutionPainter.obj) : error LNK2001: 无法解析的外部符号 __imp_glPopMatrix
vtkRenderingOpenGL-8.0-gd.lib(vtkOpenGLGlyph3DMapper.obj) : error LNK2001: 无法解析的外部符号 __imp_glPopMatrix
vtkRenderingOpenGL-8.0-gd.lib(vtkOpenGLImageSliceMapper.obj) : error LNK2001: 无法解析的外部符号 __imp_glPopMatrix
vtkRenderingOpenGL-8.0-gd.lib(vtkOpenGLPolyDataMapper2D.obj) : error LNK2001: 无法解析的外部符号 __imp_glPushMatrix
vtkRenderingOpenGL-8.0-gd.lib(vtkOpenGLRenderWindow.obj) : error LNK2001: 无法解析的外部符号 __imp_glPushMatrix
vtkRenderingOpenGL-8.0-gd.lib(vtkOpenGLImageSliceMapper.obj) : error LNK2001: 无法解析的外部符号 __imp_glPushMatrix
vtkRenderingOpenGL-8.0-gd.lib(vtkOpenGLLight.obj) : error LNK2001: 无法解析的外部符号 __imp_glPushMatrix
vtkRenderingOpenGL-8.0-gd.lib(vtkOpenGLRenderer.obj) : error LNK2001: 无法解析的外部符号 __imp_glPushMatrix
vtkRenderingOpenGL-8.0-gd.lib(vtkOpenGLImageMapper.obj) : error LNK2001: 无法解析的外部符号 __imp_glPushMatrix
vtkRenderingOpenGL-8.0-gd.lib(vtkOpenGLActor.obj) : error LNK2001: 无法解析的外部符号 __imp_glPushMatrix
vtkRenderingOpenGL-8.0-gd.lib(vtkOpenGLCamera.obj) : error LNK2001: 无法解析的外部符号 __imp_glPushMatrix
vtkRenderingOpenGL-8.0-gd.lib(vtkOpenGLCoincidentTopologyResolutionPainter.obj) : error LNK2001: 无法解析的外部符号 __imp_glPushMatrix
vtkRenderingOpenGL-8.0-gd.lib(vtkOpenGLGlyph3DMapper.obj) : error LNK2001: 无法解析的外部符号 __imp_glPushMatrix
vtkRenderingOpenGL-8.0-gd.lib(vtkOpenGLCamera.obj) : error LNK2019: 无法解析的外部符号 __imp_glDrawBuffer，该符号在函数 "public: virtual void __cdecl vtkOpenGLCamera::Render(class vtkRenderer *)" (?Render@vtkOpenGLCamera@@UEAAXPEAVvtkRenderer@@@Z) 中被引用
vtkRenderingOpenGL-8.0-gd.lib(vtkOpenGLRenderWindow.obj) : error LNK2001: 无法解析的外部符号 __imp_glDrawBuffer
vtkRenderingOpenGL-8.0-gd.lib(vtkOpenGLRenderWindow.obj) : error LNK2001: 无法解析的外部符号 __imp_glEnable
vtkRenderingOpenGL-8.0-gd.lib(vtkOpenGLScalarsToColorsPainter.obj) : error LNK2001: 无法解析的外部符号 __imp_glEnable
vtkRenderingOpenGL-8.0-gd.lib(vtkOpenGLTexture.obj) : error LNK2001: 无法解析的外部符号 __imp_glEnable
vtkRenderingOpenGL-8.0-gd.lib(vtkOpenGLImageMapper.obj) : error LNK2001: 无法解析的外部符号 __imp_glEnable
vtkRenderingOpenGL-8.0-gd.lib(vtkOpenGLPolyDataMapper2D.obj) : error LNK2001: 无法解析的外部符号 __imp_glEnable
vtkRenderingOpenGL-8.0-gd.lib(vtkOpenGLPainterDeviceAdapter.obj) : error LNK2001: 无法解析的外部符号 __imp_glEnable
vtkRenderingOpenGL-8.0-gd.lib(vtkOpenGLProperty.obj) : error LNK2001: 无法解析的外部符号 __imp_glEnable
vtkRenderingOpenGL-8.0-gd.lib(vtkOpenGLRenderer.obj) : error LNK2001: 无法解析的外部符号 __imp_glEnable
vtkRenderingOpenGL-8.0-gd.lib(vtkOpenGLRepresentationPainter.obj) : error LNK2001: 无法解析的外部符号 __imp_glEnable
vtkRenderingOpenGL-8.0-gd.lib(vtkOpenGLHardwareSelector.obj) : error LNK2001: 无法解析的外部符号 __imp_glEnable
vtkRenderingOpenGL-8.0-gd.lib(vtkOpenGLImageSliceMapper.obj) : error LNK2001: 无法解析的外部符号 __imp_glEnable
vtkRenderingOpenGL-8.0-gd.lib(vtkOpenGLLabeledContourMapper.obj) : error LNK2001: 无法解析的外部符号 __imp_glEnable
vtkRenderingOpenGL-8.0-gd.lib(vtkOpenGLLightingPainter.obj) : error LNK2001: 无法解析的外部符号 __imp_glEnable
vtkRenderingOpenGL-8.0-gd.lib(vtkOpenGLCamera.obj) : error LNK2001: 无法解析的外部符号 __imp_glEnable
vtkRenderingOpenGL-8.0-gd.lib(vtkOpenGLClipPlanesPainter.obj) : error LNK2001: 无法解析的外部符号 __imp_glEnable
vtkRenderingOpenGL-8.0-gd.lib(vtkOpenGLCoincidentTopologyResolutionPainter.obj) : error LNK2001: 无法解析的外部符号 __imp_glEnable
vtkRenderingOpenGL-8.0-gd.lib(vtkOpenGLGlyph3DMapper.obj) : error LNK2001: 无法解析的外部符号 __imp_glEnable
vtkRenderingOpenGL-8.0-gd.lib(vtkOpenGLPolyDataMapper2D.obj) : error LNK2001: 无法解析的外部符号 __imp_glLoadIdentity
vtkRenderingOpenGL-8.0-gd.lib(vtkOpenGLRenderWindow.obj) : error LNK2001: 无法解析的外部符号 __imp_glLoadIdentity
vtkRenderingOpenGL-8.0-gd.lib(vtkOpenGLCamera.obj) : error LNK2001: 无法解析的外部符号 __imp_glLoadIdentity
vtkRenderingOpenGL-8.0-gd.lib(vtkOpenGLRenderer.obj) : error LNK2001: 无法解析的外部符号 __imp_glLoadIdentity
vtkRenderingOpenGL-8.0-gd.lib(vtkOpenGLTexture.obj) : error LNK2001: 无法解析的外部符号 __imp_glLoadIdentity
vtkRenderingOpenGL-8.0-gd.lib(vtkOpenGLImageMapper.obj) : error LNK2001: 无法解析的外部符号 __imp_glLoadIdentity
vtkRenderingOpenGL-8.0-gd.lib(vtkOpenGLCamera.obj) : error LNK2019: 无法解析的外部符号 __imp_glLoadMatrixd，该符号在函数 "public: virtual void __cdecl vtkOpenGLCamera::Render(class vtkRenderer *)" (?Render@vtkOpenGLCamera@@UEAAXPEAVvtkRenderer@@@Z) 中被引用
vtkRenderingOpenGL-8.0-gd.lib(vtkOpenGLCamera.obj) : error LNK2019: 无法解析的外部符号 __imp_glMultMatrixf，该符号在函数 "void __cdecl vtkgluPickMatrix(double,double,double,double,int *,int *)" (?vtkgluPickMatrix@@YAXNNNNPEAH0@Z) 中被引用
vtkRenderingOpenGL-8.0-gd.lib(vtkOpenGLImageMapper.obj) : error LNK2001: 无法解析的外部符号 __imp_glMultMatrixf
vtkRenderingOpenGL-8.0-gd.lib(vtkOpenGLPolyDataMapper2D.obj) : error LNK2001: 无法解析的外部符号 __imp_glMultMatrixf
vtkRenderingOpenGL-8.0-gd.lib(vtkOpenGLCamera.obj) : error LNK2019: 无法解析的外部符号 __imp_glReadBuffer，该符号在函数 "public: virtual void __cdecl vtkOpenGLCamera::Render(class vtkRenderer *)" (?Render@vtkOpenGLCamera@@UEAAXPEAVvtkRenderer@@@Z) 中被引用
vtkRenderingOpenGL-8.0-gd.lib(vtkOpenGLRenderWindow.obj) : error LNK2001: 无法解析的外部符号 __imp_glReadBuffer
vtkRenderingOpenGL-8.0-gd.lib(vtkOpenGLCamera.obj) : error LNK2019: 无法解析的外部符号 __imp_glScissor，该符号在函数 "public: virtual void __cdecl vtkOpenGLCamera::Render(class vtkRenderer *)" (?Render@vtkOpenGLCamera@@UEAAXPEAVvtkRenderer@@@Z) 中被引用
vtkRenderingOpenGL-8.0-gd.lib(vtkOpenGLCamera.obj) : error LNK2019: 无法解析的外部符号 __imp_glViewport，该符号在函数 "public: virtual void __cdecl vtkOpenGLCamera::Render(class vtkRenderer *)" (?Render@vtkOpenGLCamera@@UEAAXPEAVvtkRenderer@@@Z) 中被引用
vtkRenderingOpenGL-8.0-gd.lib(vtkOpenGLRenderWindow.obj) : error LNK2001: 无法解析的外部符号 __imp_glViewport
vtkRenderingOpenGL-8.0-gd.lib(vtkOpenGLClipPlanesPainter.obj) : error LNK2019: 无法解析的外部符号 __imp_glClipPlane，该符号在函数 "protected: virtual void __cdecl vtkOpenGLClipPlanesPainter::RenderInternal(class vtkRenderer *,class vtkActor *,unsigned long,bool)" (?RenderInternal@vtkOpenGLClipPlanesPainter@@MEAAXPEAVvtkRenderer@@PEAVvtkActor@@K_N@Z) 中被引用
vtkRenderingOpenGL-8.0-gd.lib(vtkOpenGLGlyph3DMapper.obj) : error LNK2001: 无法解析的外部符号 __imp_glClipPlane
vtkRenderingOpenGL-8.0-gd.lib(vtkOpenGLImageSliceMapper.obj) : error LNK2001: 无法解析的外部符号 __imp_glClipPlane
vtkRenderingOpenGL-8.0-gd.lib(vtkOpenGLPolyDataMapper2D.obj) : error LNK2001: 无法解析的外部符号 __imp_glClipPlane
vtkRenderingOpenGL-8.0-gd.lib(vtkOpenGLCoincidentTopologyResolutionPainter.obj) : error LNK2019: 无法解析的外部符号 __imp_glPolygonOffset，该符号在函数 "protected: void __cdecl vtkOpenGLCoincidentTopologyResolutionPainter::RenderPolygonOffset(class vtkRenderer *,class vtkActor *,unsigned long,bool)" (?RenderPolygonOffset@vtkOpenGLCoincidentTopologyResolutionPainter@@IEAAXPEAVvtkRenderer@@PEAVvtkActor@@K_N@Z) 中被引用
vtkRenderingOpenGL-8.0-gd.lib(vtkOpenGLImageSliceMapper.obj) : error LNK2001: 无法解析的外部符号 __imp_glPolygonOffset
vtkRenderingOpenGL-8.0-gd.lib(vtkOpenGLRepresentationPainter.obj) : error LNK2001: 无法解析的外部符号 __imp_glPolygonOffset
vtkRenderingOpenGL-8.0-gd.lib(vtkOpenGLCoincidentTopologyResolutionPainter.obj) : error LNK2019: 无法解析的外部符号 __imp_glTranslated，该符号在函数 "protected: void __cdecl vtkOpenGLCoincidentTopologyResolutionPainter::RenderShiftZBuffer(class vtkRenderer *,class vtkActor *,unsigned long,bool)" (?RenderShiftZBuffer@vtkOpenGLCoincidentTopologyResolutionPainter@@IEAAXPEAVvtkRenderer@@PEAVvtkActor@@K_N@Z) 中被引用
vtkRenderingOpenGL-8.0-gd.lib(vtkOpenGLRepresentationPainter.obj) : error LNK2001: 无法解析的外部符号 __imp_glPopAttrib
vtkRenderingOpenGL-8.0-gd.lib(vtkOpenGLScalarsToColorsPainter.obj) : error LNK2001: 无法解析的外部符号 __imp_glPopAttrib
vtkRenderingOpenGL-8.0-gd.lib(vtkOpenGLTexture.obj) : error LNK2001: 无法解析的外部符号 __imp_glPopAttrib
vtkRenderingOpenGL-8.0-gd.lib(vtkOpenGLCompositePainter.obj) : error LNK2001: 无法解析的外部符号 __imp_glPopAttrib
vtkRenderingOpenGL-8.0-gd.lib(vtkOpenGLGlyph3DMapper.obj) : error LNK2001: 无法解析的外部符号 __imp_glPopAttrib
vtkRenderingOpenGL-8.0-gd.lib(vtkOpenGLImageSliceMapper.obj) : error LNK2001: 无法解析的外部符号 __imp_glPopAttrib
vtkRenderingOpenGL-8.0-gd.lib(vtkOpenGLRenderer.obj) : error LNK2001: 无法解析的外部符号 __imp_glPopAttrib
vtkRenderingOpenGL-8.0-gd.lib(vtkOpenGLRepresentationPainter.obj) : error LNK2001: 无法解析的外部符号 __imp_glPushAttrib
vtkRenderingOpenGL-8.0-gd.lib(vtkOpenGLScalarsToColorsPainter.obj) : error LNK2001: 无法解析的外部符号 __imp_glPushAttrib
vtkRenderingOpenGL-8.0-gd.lib(vtkOpenGLTexture.obj) : error LNK2001: 无法解析的外部符号 __imp_glPushAttrib
vtkRenderingOpenGL-8.0-gd.lib(vtkOpenGLCompositePainter.obj) : error LNK2001: 无法解析的外部符号 __imp_glPushAttrib
vtkRenderingOpenGL-8.0-gd.lib(vtkOpenGLGlyph3DMapper.obj) : error LNK2001: 无法解析的外部符号 __imp_glPushAttrib
vtkRenderingOpenGL-8.0-gd.lib(vtkOpenGLImageSliceMapper.obj) : error LNK2001: 无法解析的外部符号 __imp_glPushAttrib
vtkRenderingOpenGL-8.0-gd.lib(vtkOpenGLRenderer.obj) : error LNK2001: 无法解析的外部符号 __imp_glPushAttrib
vtkRenderingOpenGL-8.0-gd.lib(vtkOpenGLDisplayListPainter.obj) : error LNK2019: 无法解析的外部符号 __imp_glCallList，该符号在函数 "protected: virtual void __cdecl vtkOpenGLDisplayListPainter::RenderInternal(class vtkRenderer *,class vtkActor *,unsigned long,bool)" (?RenderInternal@vtkOpenGLDisplayListPainter@@MEAAXPEAVvtkRenderer@@PEAVvtkActor@@K_N@Z) 中被引用
vtkRenderingOpenGL-8.0-gd.lib(vtkOpenGLGlyph3DMapper.obj) : error LNK2001: 无法解析的外部符号 __imp_glCallList
vtkRenderingOpenGL-8.0-gd.lib(vtkOpenGLDisplayListPainter.obj) : error LNK2019: 无法解析的外部符号 __imp_glDeleteLists，该符号在函数 "public: void __cdecl vtkOpenGLDisplayListPainter::vtkInternals::ReleaseAllLists(void)" (?ReleaseAllLists@vtkInternals@vtkOpenGLDisplayListPainter@@QEAAXXZ) 中被引用
vtkRenderingOpenGL-8.0-gd.lib(vtkOpenGLGlyph3DMapper.obj) : error LNK2001: 无法解析的外部符号 __imp_glDeleteLists
vtkRenderingOpenGL-8.0-gd.lib(vtkOpenGLDisplayListPainter.obj) : error LNK2019: 无法解析的外部符号 __imp_glEndList，该符号在函数 "protected: virtual void __cdecl vtkOpenGLDisplayListPainter::RenderInternal(class vtkRenderer *,class vtkActor *,unsigned long,bool)" (?RenderInternal@vtkOpenGLDisplayListPainter@@MEAAXPEAVvtkRenderer@@PEAVvtkActor@@K_N@Z) 中被引用
vtkRenderingOpenGL-8.0-gd.lib(vtkOpenGLGlyph3DMapper.obj) : error LNK2001: 无法解析的外部符号 __imp_glEndList
vtkRenderingOpenGL-8.0-gd.lib(vtkOpenGLDisplayListPainter.obj) : error LNK2019: 无法解析的外部符号 __imp_glGenLists，该符号在函数 "protected: virtual void __cdecl vtkOpenGLDisplayListPainter::RenderInternal(class vtkRenderer *,class vtkActor *,unsigned long,bool)" (?RenderInternal@vtkOpenGLDisplayListPainter@@MEAAXPEAVvtkRenderer@@PEAVvtkActor@@K_N@Z) 中被引用
vtkRenderingOpenGL-8.0-gd.lib(vtkOpenGLGlyph3DMapper.obj) : error LNK2001: 无法解析的外部符号 __imp_glGenLists
vtkRenderingOpenGL-8.0-gd.lib(vtkOpenGLDisplayListPainter.obj) : error LNK2019: 无法解析的外部符号 __imp_glNewList，该符号在函数 "protected: virtual void __cdecl vtkOpenGLDisplayListPainter::RenderInternal(class vtkRenderer *,class vtkActor *,unsigned long,bool)" (?RenderInternal@vtkOpenGLDisplayListPainter@@MEAAXPEAVvtkRenderer@@PEAVvtkActor@@K_N@Z) 中被引用
vtkRenderingOpenGL-8.0-gd.lib(vtkOpenGLGlyph3DMapper.obj) : error LNK2001: 无法解析的外部符号 __imp_glNewList
vtkRenderingOpenGL-8.0-gd.lib(vtkOpenGLGlyph3DMapper.obj) : error LNK2019: 无法解析的外部符号 __imp_glBlendFunc，该符号在函数 "private: virtual void __cdecl vtkOpenGLGlyph3DMapper::Render(class vtkRenderer *,class vtkActor *,class vtkDataSet *)" (?Render@vtkOpenGLGlyph3DMapper@@EEAAXPEAVvtkRenderer@@PEAVvtkActor@@PEAVvtkDataSet@@@Z) 中被引用
vtkRenderingOpenGL-8.0-gd.lib(vtkOpenGLScalarsToColorsPainter.obj) : error LNK2001: 无法解析的外部符号 __imp_glBlendFunc
vtkRenderingOpenGL-8.0-gd.lib(vtkOpenGLTexture.obj) : error LNK2001: 无法解析的外部符号 __imp_glBlendFunc
vtkRenderingOpenGL-8.0-gd.lib(vtkOpenGLRenderWindow.obj) : error LNK2001: 无法解析的外部符号 __imp_glBlendFunc
vtkRenderingOpenGL-8.0-gd.lib(vtkOpenGLGlyph3DMapper.obj) : error LNK2019: 无法解析的外部符号 __imp_glColor4ub，该符号在函数 "private: virtual void __cdecl vtkOpenGLGlyph3DMapper::Render(class vtkRenderer *,class vtkActor *,class vtkDataSet *)" (?Render@vtkOpenGLGlyph3DMapper@@EEAAXPEAVvtkRenderer@@PEAVvtkActor@@PEAVvtkDataSet@@@Z) 中被引用
vtkRenderingOpenGL-8.0-gd.lib(vtkOpenGLLabeledContourMapper.obj) : error LNK2001: 无法解析的外部符号 __imp_glColor4ub
vtkRenderingOpenGL-8.0-gd.lib(vtkOpenGLGlyph3DMapper.obj) : error LNK2019: 无法解析的外部符号 __imp_glColorMask，该符号在函数 "public: virtual void __cdecl vtkOpenGLGlyph3DMapper::Render(class vtkRenderer *,class vtkActor *)" (?Render@vtkOpenGLGlyph3DMapper@@UEAAXPEAVvtkRenderer@@PEAVvtkActor@@@Z) 中被引用
vtkRenderingOpenGL-8.0-gd.lib(vtkOpenGLImageSliceMapper.obj) : error LNK2001: 无法解析的外部符号 __imp_glColorMask
vtkRenderingOpenGL-8.0-gd.lib(vtkOpenGLLabeledContourMapper.obj) : error LNK2001: 无法解析的外部符号 __imp_glColorMask
vtkRenderingOpenGL-8.0-gd.lib(vtkHiddenLineRemovalPass.obj) : error LNK2001: 无法解析的外部符号 __imp_glColorMask
vtkRenderingOpenGL-8.0-gd.lib(vtkOpenGLHardwareSelector.obj) : error LNK2019: 无法解析的外部符号 __imp_glIsEnabled，该符号在函数 "public: bool __cdecl vtkOpenGLHardwareSelector::vtkInternals::QueryBlending(void)" (?QueryBlending@vtkInternals@vtkOpenGLHardwareSelector@@QEAA_NXZ) 中被引用
vtkRenderingOpenGL-8.0-gd.lib(vtkOpenGLRenderer.obj) : error LNK2001: 无法解析的外部符号 __imp_glIsEnabled
vtkRenderingOpenGL-8.0-gd.lib(vtkOpenGLImageSliceMapper.obj) : error LNK2019: 无法解析的外部符号 __imp_glAlphaFunc，该符号在函数 "public: virtual void __cdecl vtkOpenGLImageSliceMapper::Render(class vtkRenderer *,class vtkImageSlice *)" (?Render@vtkOpenGLImageSliceMapper@@UEAAXPEAVvtkRenderer@@PEAVvtkImageSlice@@@Z) 中被引用
vtkRenderingOpenGL-8.0-gd.lib(vtkOpenGLTexture.obj) : error LNK2001: 无法解析的外部符号 __imp_glAlphaFunc
vtkRenderingOpenGL-8.0-gd.lib(vtkOpenGLRenderWindow.obj) : error LNK2001: 无法解析的外部符号 __imp_glAlphaFunc
vtkRenderingOpenGL-8.0-gd.lib(vtkOpenGLImageSliceMapper.obj) : error LNK2019: 无法解析的外部符号 __imp_glBegin，该符号在函数 "protected: void __cdecl vtkOpenGLImageSliceMapper::RenderPolygon(class vtkPoints *,int const * const,bool)" (?RenderPolygon@vtkOpenGLImageSliceMapper@@IEAAXPEAVvtkPoints@@QEBH_N@Z) 中被引用
vtkRenderingOpenGL-8.0-gd.lib(vtkOpenGLPainterDeviceAdapter.obj) : error LNK2001: 无法解析的外部符号 __imp_glBegin
vtkRenderingOpenGL-8.0-gd.lib(vtkOpenGLRenderer.obj) : error LNK2001: 无法解析的外部符号 __imp_glBegin
vtkRenderingOpenGL-8.0-gd.lib(vtkOpenGLPolyDataMapper2D.obj) : error LNK2001: 无法解析的外部符号 __imp_glBegin
vtkRenderingOpenGL-8.0-gd.lib(vtkOpenGLImageSliceMapper.obj) : error LNK2019: 无法解析的外部符号 __imp_glBindTexture，该符号在函数 "protected: void __cdecl vtkOpenGLImageSliceMapper::RenderTexturedPolygon(class vtkRenderer *,class vtkImageProperty *,class vtkImageData *,int * const,bool)" (?RenderTexturedPolygon@vtkOpenGLImageSliceMapper@@IEAAXPEAVvtkRenderer@@PEAVvtkImageProperty@@PEAVvtkImageData@@QEAH_N@Z) 中被引用
vtkRenderingOpenGL-8.0-gd.lib(vtkOpenGLRenderer.obj) : error LNK2001: 无法解析的外部符号 __imp_glBindTexture
vtkRenderingOpenGL-8.0-gd.lib(vtkOpenGLTexture.obj) : error LNK2001: 无法解析的外部符号 __imp_glBindTexture
vtkRenderingOpenGL-8.0-gd.lib(vtkOpenGLRenderWindow.obj) : error LNK2001: 无法解析的外部符号 __imp_glBindTexture
vtkRenderingOpenGL-8.0-gd.lib(vtkOpenGLImageSliceMapper.obj) : error LNK2019: 无法解析的外部符号 __imp_glColor4f，该符号在函数 "protected: void __cdecl vtkOpenGLImageSliceMapper::RenderColorAndLighting(double,double,double,double,double,double)" (?RenderColorAndLighting@vtkOpenGLImageSliceMapper@@IEAAXNNNNNN@Z) 中被引用
vtkRenderingOpenGL-8.0-gd.lib(vtkOpenGLImageSliceMapper.obj) : error LNK2019: 无法解析的外部符号 __imp_glEnd，该符号在函数 "protected: void __cdecl vtkOpenGLImageSliceMapper::RenderPolygon(class vtkPoints *,int const * const,bool)" (?RenderPolygon@vtkOpenGLImageSliceMapper@@IEAAXPEAVvtkPoints@@QEBH_N@Z) 中被引用
vtkRenderingOpenGL-8.0-gd.lib(vtkOpenGLPainterDeviceAdapter.obj) : error LNK2001: 无法解析的外部符号 __imp_glEnd
vtkRenderingOpenGL-8.0-gd.lib(vtkOpenGLRenderer.obj) : error LNK2001: 无法解析的外部符号 __imp_glEnd
vtkRenderingOpenGL-8.0-gd.lib(vtkOpenGLPolyDataMapper2D.obj) : error LNK2001: 无法解析的外部符号 __imp_glEnd
vtkRenderingOpenGL-8.0-gd.lib(vtkOpenGLImageSliceMapper.obj) : error LNK2019: 无法解析的外部符号 __imp_glGenTextures，该符号在函数 "protected: void __cdecl vtkOpenGLImageSliceMapper::RenderTexturedPolygon(class vtkRenderer *,class vtkImageProperty *,class vtkImageData *,int * const,bool)" (?RenderTexturedPolygon@vtkOpenGLImageSliceMapper@@IEAAXPEAVvtkRenderer@@PEAVvtkImageProperty@@PEAVvtkImageData@@QEAH_N@Z) 中被引用
vtkRenderingOpenGL-8.0-gd.lib(vtkOpenGLRenderer.obj) : error LNK2001: 无法解析的外部符号 __imp_glGenTextures
vtkRenderingOpenGL-8.0-gd.lib(vtkOpenGLTexture.obj) : error LNK2001: 无法解析的外部符号 __imp_glGenTextures
vtkRenderingOpenGL-8.0-gd.lib(vtkOpenGLRenderWindow.obj) : error LNK2001: 无法解析的外部符号 __imp_glGenTextures
vtkRenderingOpenGL-8.0-gd.lib(vtkOpenGLImageSliceMapper.obj) : error LNK2019: 无法解析的外部符号 __imp_glGetTexLevelParameteriv，该符号在函数 "protected: bool __cdecl vtkOpenGLImageSliceMapper::TextureSizeOK(int const * const)" (?TextureSizeOK@vtkOpenGLImageSliceMapper@@IEAA_NQEBH@Z) 中被引用
vtkRenderingOpenGL-8.0-gd.lib(vtkOpenGLRenderer.obj) : error LNK2001: 无法解析的外部符号 __imp_glGetTexLevelParameteriv
vtkRenderingOpenGL-8.0-gd.lib(vtkOpenGLImageSliceMapper.obj) : error LNK2019: 无法解析的外部符号 __imp_glMaterialfv，该符号在函数 "protected: void __cdecl vtkOpenGLImageSliceMapper::RenderColorAndLighting(double,double,double,double,double,double)" (?RenderColorAndLighting@vtkOpenGLImageSliceMapper@@IEAAXNNNNNN@Z) 中被引用
vtkRenderingOpenGL-8.0-gd.lib(vtkOpenGLProperty.obj) : error LNK2001: 无法解析的外部符号 __imp_glMaterialfv
vtkRenderingOpenGL-8.0-gd.lib(vtkOpenGLImageSliceMapper.obj) : error LNK2019: 无法解析的外部符号 __imp_glNormal3dv，该符号在函数 "protected: void __cdecl vtkOpenGLImageSliceMapper::RenderPolygon(class vtkPoints *,int const * const,bool)" (?RenderPolygon@vtkOpenGLImageSliceMapper@@IEAAXPEAVvtkPoints@@QEBH_N@Z) 中被引用
vtkRenderingOpenGL-8.0-gd.lib(vtkOpenGLPainterDeviceAdapter.obj) : error LNK2001: 无法解析的外部符号 __imp_glNormal3dv
vtkRenderingOpenGL-8.0-gd.lib(vtkOpenGLImageSliceMapper.obj) : error LNK2019: 无法解析的外部符号 __imp_glPixelStorei，该符号在函数 "protected: void __cdecl vtkOpenGLImageSliceMapper::RenderTexturedPolygon(class vtkRenderer *,class vtkImageProperty *,class vtkImageData *,int * const,bool)" (?RenderTexturedPolygon@vtkOpenGLImageSliceMapper@@IEAAXPEAVvtkRenderer@@PEAVvtkImageProperty@@PEAVvtkImageData@@QEAH_N@Z) 中被引用
vtkRenderingOpenGL-8.0-gd.lib(vtkOpenGLImageMapper.obj) : error LNK2001: 无法解析的外部符号 __imp_glPixelStorei
vtkRenderingOpenGL-8.0-gd.lib(vtkOpenGLRenderWindow.obj) : error LNK2001: 无法解析的外部符号 __imp_glPixelStorei
vtkRenderingOpenGL-8.0-gd.lib(vtkOpenGLImageSliceMapper.obj) : error LNK2019: 无法解析的外部符号 __imp_glShadeModel，该符号在函数 "protected: void __cdecl vtkOpenGLImageSliceMapper::RenderColorAndLighting(double,double,double,double,double,double)" (?RenderColorAndLighting@vtkOpenGLImageSliceMapper@@IEAAXNNNNNN@Z) 中被引用
vtkRenderingOpenGL-8.0-gd.lib(vtkOpenGLProperty.obj) : error LNK2001: 无法解析的外部符号 __imp_glShadeModel
vtkRenderingOpenGL-8.0-gd.lib(vtkOpenGLRenderer.obj) : error LNK2001: 无法解析的外部符号 __imp_glShadeModel
vtkRenderingOpenGL-8.0-gd.lib(vtkOpenGLImageSliceMapper.obj) : error LNK2019: 无法解析的外部符号 __imp_glTexCoord2dv，该符号在函数 "protected: void __cdecl vtkOpenGLImageSliceMapper::RenderPolygon(class vtkPoints *,int const * const,bool)" (?RenderPolygon@vtkOpenGLImageSliceMapper@@IEAAXPEAVvtkPoints@@QEBH_N@Z) 中被引用
vtkRenderingOpenGL-8.0-gd.lib(vtkOpenGLPainterDeviceAdapter.obj) : error LNK2001: 无法解析的外部符号 __imp_glTexCoord2dv
vtkRenderingOpenGL-8.0-gd.lib(vtkOpenGLPolyDataMapper2D.obj) : error LNK2001: 无法解析的外部符号 __imp_glTexCoord2dv
vtkRenderingOpenGL-8.0-gd.lib(vtkOpenGLImageSliceMapper.obj) : error LNK2019: 无法解析的外部符号 __imp_glTexEnvi，该符号在函数 "protected: void __cdecl vtkOpenGLImageSliceMapper::RenderTexturedPolygon(class vtkRenderer *,class vtkImageProperty *,class vtkImageData *,int * const,bool)" (?RenderTexturedPolygon@vtkOpenGLImageSliceMapper@@IEAAXPEAVvtkRenderer@@PEAVvtkImageProperty@@PEAVvtkImageData@@QEAH_N@Z) 中被引用
vtkRenderingOpenGL-8.0-gd.lib(vtkOpenGLRenderer.obj) : error LNK2001: 无法解析的外部符号 __imp_glTexEnvi
vtkRenderingOpenGL-8.0-gd.lib(vtkOpenGLImageSliceMapper.obj) : error LNK2019: 无法解析的外部符号 __imp_glTexImage2D，该符号在函数 "protected: void __cdecl vtkOpenGLImageSliceMapper::RenderTexturedPolygon(class vtkRenderer *,class vtkImageProperty *,class vtkImageData *,int * const,bool)" (?RenderTexturedPolygon@vtkOpenGLImageSliceMapper@@IEAAXPEAVvtkRenderer@@PEAVvtkImageProperty@@PEAVvtkImageData@@QEAH_N@Z) 中被引用
vtkRenderingOpenGL-8.0-gd.lib(vtkOpenGLRenderer.obj) : error LNK2001: 无法解析的外部符号 __imp_glTexImage2D
vtkRenderingOpenGL-8.0-gd.lib(vtkOpenGLTexture.obj) : error LNK2001: 无法解析的外部符号 __imp_glTexImage2D
vtkRenderingOpenGL-8.0-gd.lib(vtkOpenGLRenderWindow.obj) : error LNK2001: 无法解析的外部符号 __imp_glTexImage2D
vtkRenderingOpenGL-8.0-gd.lib(vtkOpenGLImageSliceMapper.obj) : error LNK2019: 无法解析的外部符号 __imp_glTexParameterf，该符号在函数 "protected: void __cdecl vtkOpenGLImageSliceMapper::RenderTexturedPolygon(class vtkRenderer *,class vtkImageProperty *,class vtkImageData *,int * const,bool)" (?RenderTexturedPolygon@vtkOpenGLImageSliceMapper@@IEAAXPEAVvtkRenderer@@PEAVvtkImageProperty@@PEAVvtkImageData@@QEAH_N@Z) 中被引用
vtkRenderingOpenGL-8.0-gd.lib(vtkOpenGLRenderer.obj) : error LNK2001: 无法解析的外部符号 __imp_glTexParameterf
vtkRenderingOpenGL-8.0-gd.lib(vtkOpenGLTexture.obj) : error LNK2001: 无法解析的外部符号 __imp_glTexParameterf
vtkRenderingOpenGL-8.0-gd.lib(vtkOpenGLImageSliceMapper.obj) : error LNK2019: 无法解析的外部符号 __imp_glTexSubImage2D，该符号在函数 "protected: void __cdecl vtkOpenGLImageSliceMapper::RenderTexturedPolygon(class vtkRenderer *,class vtkImageProperty *,class vtkImageData *,int * const,bool)" (?RenderTexturedPolygon@vtkOpenGLImageSliceMapper@@IEAAXPEAVvtkRenderer@@PEAVvtkImageProperty@@PEAVvtkImageData@@QEAH_N@Z) 中被引用
vtkRenderingOpenGL-8.0-gd.lib(vtkOpenGLImageSliceMapper.obj) : error LNK2019: 无法解析的外部符号 __imp_glVertex3dv，该符号在函数 "protected: void __cdecl vtkOpenGLImageSliceMapper::RenderPolygon(class vtkPoints *,int const * const,bool)" (?RenderPolygon@vtkOpenGLImageSliceMapper@@IEAAXPEAVvtkPoints@@QEBH_N@Z) 中被引用
vtkRenderingOpenGL-8.0-gd.lib(vtkOpenGLPainterDeviceAdapter.obj) : error LNK2001: 无法解析的外部符号 __imp_glVertex3dv
vtkRenderingOpenGL-8.0-gd.lib(vtkOpenGLLabeledContourMapper.obj) : error LNK2019: 无法解析的外部符号 __imp_glClear，该符号在函数 "protected: virtual bool __cdecl vtkOpenGLLabeledContourMapper::ApplyStencil(class vtkRenderer *,class vtkActor *)" (?ApplyStencil@vtkOpenGLLabeledContourMapper@@MEAA_NPEAVvtkRenderer@@PEAVvtkActor@@@Z) 中被引用
vtkRenderingOpenGL-8.0-gd.lib(vtkOpenGLRenderer.obj) : error LNK2001: 无法解析的外部符号 __imp_glClear
vtkRenderingOpenGL-8.0-gd.lib(vtkOpenGLLabeledContourMapper.obj) : error LNK2019: 无法解析的外部符号 __imp_glClearStencil，该符号在函数 "protected: virtual bool __cdecl vtkOpenGLLabeledContourMapper::ApplyStencil(class vtkRenderer *,class vtkActor *)" (?ApplyStencil@vtkOpenGLLabeledContourMapper@@MEAA_NPEAVvtkRenderer@@PEAVvtkActor@@@Z) 中被引用
vtkRenderingOpenGL-8.0-gd.lib(vtkOpenGLPainterDeviceAdapter.obj) : error LNK2001: 无法解析的外部符号 __imp_glClearStencil
vtkRenderingOpenGL-8.0-gd.lib(vtkOpenGLLabeledContourMapper.obj) : error LNK2019: 无法解析的外部符号 __imp_glDrawElements，该符号在函数 "protected: virtual bool __cdecl vtkOpenGLLabeledContourMapper::ApplyStencil(class vtkRenderer *,class vtkActor *)" (?ApplyStencil@vtkOpenGLLabeledContourMapper@@MEAA_NPEAVvtkRenderer@@PEAVvtkActor@@@Z) 中被引用
vtkRenderingOpenGL-8.0-gd.lib(vtkOpenGLPainterDeviceAdapter.obj) : error LNK2001: 无法解析的外部符号 __imp_glDrawElements
vtkRenderingOpenGL-8.0-gd.lib(vtkOpenGLLabeledContourMapper.obj) : error LNK2019: 无法解析的外部符号 __imp_glEnableClientState，该符号在函数 "protected: virtual bool __cdecl vtkOpenGLLabeledContourMapper::ApplyStencil(class vtkRenderer *,class vtkActor *)" (?ApplyStencil@vtkOpenGLLabeledContourMapper@@MEAA_NPEAVvtkRenderer@@PEAVvtkActor@@@Z) 中被引用
vtkRenderingOpenGL-8.0-gd.lib(vtkOpenGLPainterDeviceAdapter.obj) : error LNK2001: 无法解析的外部符号 __imp_glEnableClientState
vtkRenderingOpenGL-8.0-gd.lib(vtkOpenGLLabeledContourMapper.obj) : error LNK2019: 无法解析的外部符号 __imp_glGetBooleanv，该符号在函数 "protected: virtual bool __cdecl vtkOpenGLLabeledContourMapper::ApplyStencil(class vtkRenderer *,class vtkActor *)" (?ApplyStencil@vtkOpenGLLabeledContourMapper@@MEAA_NPEAVvtkRenderer@@PEAVvtkActor@@@Z) 中被引用
vtkRenderingOpenGL-8.0-gd.lib(vtkOpenGLRenderWindow.obj) : error LNK2001: 无法解析的外部符号 __imp_glGetBooleanv
vtkRenderingOpenGL-8.0-gd.lib(vtkOpenGLLabeledContourMapper.obj) : error LNK2019: 无法解析的外部符号 __imp_glStencilFunc，该符号在函数 "protected: virtual bool __cdecl vtkOpenGLLabeledContourMapper::ApplyStencil(class vtkRenderer *,class vtkActor *)" (?ApplyStencil@vtkOpenGLLabeledContourMapper@@MEAA_NPEAVvtkRenderer@@PEAVvtkActor@@@Z) 中被引用
vtkRenderingOpenGL-8.0-gd.lib(vtkOpenGLPainterDeviceAdapter.obj) : error LNK2001: 无法解析的外部符号 __imp_glStencilFunc
vtkRenderingOpenGL-8.0-gd.lib(vtkOpenGLLabeledContourMapper.obj) : error LNK2019: 无法解析的外部符号 __imp_glStencilMask，该符号在函数 "protected: virtual bool __cdecl vtkOpenGLLabeledContourMapper::ApplyStencil(class vtkRenderer *,class vtkActor *)" (?ApplyStencil@vtkOpenGLLabeledContourMapper@@MEAA_NPEAVvtkRenderer@@PEAVvtkActor@@@Z) 中被引用
vtkRenderingOpenGL-8.0-gd.lib(vtkOpenGLLabeledContourMapper.obj) : error LNK2019: 无法解析的外部符号 __imp_glStencilOp，该符号在函数 "protected: virtual bool __cdecl vtkOpenGLLabeledContourMapper::ApplyStencil(class vtkRenderer *,class vtkActor *)" (?ApplyStencil@vtkOpenGLLabeledContourMapper@@MEAA_NPEAVvtkRenderer@@PEAVvtkActor@@@Z) 中被引用
vtkRenderingOpenGL-8.0-gd.lib(vtkOpenGLPainterDeviceAdapter.obj) : error LNK2001: 无法解析的外部符号 __imp_glStencilOp
vtkRenderingOpenGL-8.0-gd.lib(vtkOpenGLLabeledContourMapper.obj) : error LNK2019: 无法解析的外部符号 __imp_glVertexPointer，该符号在函数 "protected: virtual bool __cdecl vtkOpenGLLabeledContourMapper::ApplyStencil(class vtkRenderer *,class vtkActor *)" (?ApplyStencil@vtkOpenGLLabeledContourMapper@@MEAA_NPEAVvtkRenderer@@PEAVvtkActor@@@Z) 中被引用
vtkRenderingOpenGL-8.0-gd.lib(vtkOpenGLPainterDeviceAdapter.obj) : error LNK2001: 无法解析的外部符号 __imp_glVertexPointer
vtkRenderingOpenGL-8.0-gd.lib(vtkOpenGLLight.obj) : error LNK2019: 无法解析的外部符号 __imp_glLightf，该符号在函数 "public: virtual void __cdecl vtkOpenGLLight::Render(class vtkRenderer *,int)" (?Render@vtkOpenGLLight@@UEAAXPEAVvtkRenderer@@H@Z) 中被引用
vtkRenderingOpenGL-8.0-gd.lib(vtkOpenGLLight.obj) : error LNK2019: 无法解析的外部符号 __imp_glLightfv，该符号在函数 "public: virtual void __cdecl vtkOpenGLLight::Render(class vtkRenderer *,int)" (?Render@vtkOpenGLLight@@UEAAXPEAVvtkRenderer@@H@Z) 中被引用
vtkRenderingOpenGL-8.0-gd.lib(vtkOpenGLLight.obj) : error LNK2019: 无法解析的外部符号 __imp_glLighti，该符号在函数 "public: virtual void __cdecl vtkOpenGLLight::Render(class vtkRenderer *,int)" (?Render@vtkOpenGLLight@@UEAAXPEAVvtkRenderer@@H@Z) 中被引用
vtkRenderingOpenGL-8.0-gd.lib(vtkOpenGLPainterDeviceAdapter.obj) : error LNK2019: 无法解析的外部符号 __imp_glColor3bv，该符号在函数 "public: virtual void __cdecl vtkOpenGLPainterDeviceAdapter::SendAttribute(int,int,int,void const *,__int64)" (?SendAttribute@vtkOpenGLPainterDeviceAdapter@@UEAAXHHHPEBX_J@Z) 中被引用
vtkRenderingOpenGL-8.0-gd.lib(vtkOpenGLPainterDeviceAdapter.obj) : error LNK2019: 无法解析的外部符号 __imp_glColor3dv，该符号在函数 "public: virtual void __cdecl vtkOpenGLPainterDeviceAdapter::SendAttribute(int,int,int,void const *,__int64)" (?SendAttribute@vtkOpenGLPainterDeviceAdapter@@UEAAXHHHPEBX_J@Z) 中被引用
vtkRenderingOpenGL-8.0-gd.lib(vtkOpenGLPainterDeviceAdapter.obj) : error LNK2019: 无法解析的外部符号 __imp_glColor3fv，该符号在函数 "public: virtual void __cdecl vtkOpenGLPainterDeviceAdapter::SendAttribute(int,int,int,void const *,__int64)" (?SendAttribute@vtkOpenGLPainterDeviceAdapter@@UEAAXHHHPEBX_J@Z) 中被引用
vtkRenderingOpenGL-8.0-gd.lib(vtkOpenGLPainterDeviceAdapter.obj) : error LNK2019: 无法解析的外部符号 __imp_glColor3iv，该符号在函数 "public: virtual void __cdecl vtkOpenGLPainterDeviceAdapter::SendAttribute(int,int,int,void const *,__int64)" (?SendAttribute@vtkOpenGLPainterDeviceAdapter@@UEAAXHHHPEBX_J@Z) 中被引用
vtkRenderingOpenGL-8.0-gd.lib(vtkOpenGLPainterDeviceAdapter.obj) : error LNK2019: 无法解析的外部符号 __imp_glColor3sv，该符号在函数 "public: virtual void __cdecl vtkOpenGLPainterDeviceAdapter::SendAttribute(int,int,int,void const *,__int64)" (?SendAttribute@vtkOpenGLPainterDeviceAdapter@@UEAAXHHHPEBX_J@Z) 中被引用
vtkRenderingOpenGL-8.0-gd.lib(vtkOpenGLPainterDeviceAdapter.obj) : error LNK2019: 无法解析的外部符号 __imp_glColor3ubv，该符号在函数 "public: virtual void __cdecl vtkOpenGLPainterDeviceAdapter::SendAttribute(int,int,int,void const *,__int64)" (?SendAttribute@vtkOpenGLPainterDeviceAdapter@@UEAAXHHHPEBX_J@Z) 中被引用
vtkRenderingOpenGL-8.0-gd.lib(vtkOpenGLPainterDeviceAdapter.obj) : error LNK2019: 无法解析的外部符号 __imp_glColor3uiv，该符号在函数 "public: virtual void __cdecl vtkOpenGLPainterDeviceAdapter::SendAttribute(int,int,int,void const *,__int64)" (?SendAttribute@vtkOpenGLPainterDeviceAdapter@@UEAAXHHHPEBX_J@Z) 中被引用
vtkRenderingOpenGL-8.0-gd.lib(vtkOpenGLPainterDeviceAdapter.obj) : error LNK2019: 无法解析的外部符号 __imp_glColor3usv，该符号在函数 "public: virtual void __cdecl vtkOpenGLPainterDeviceAdapter::SendAttribute(int,int,int,void const *,__int64)" (?SendAttribute@vtkOpenGLPainterDeviceAdapter@@UEAAXHHHPEBX_J@Z) 中被引用
vtkRenderingOpenGL-8.0-gd.lib(vtkOpenGLPainterDeviceAdapter.obj) : error LNK2019: 无法解析的外部符号 __imp_glColor4bv，该符号在函数 "public: virtual void __cdecl vtkOpenGLPainterDeviceAdapter::SendAttribute(int,int,int,void const *,__int64)" (?SendAttribute@vtkOpenGLPainterDeviceAdapter@@UEAAXHHHPEBX_J@Z) 中被引用
vtkRenderingOpenGL-8.0-gd.lib(vtkOpenGLPainterDeviceAdapter.obj) : error LNK2019: 无法解析的外部符号 __imp_glColor4dv，该符号在函数 "public: virtual void __cdecl vtkOpenGLPainterDeviceAdapter::SendAttribute(int,int,int,void const *,__int64)" (?SendAttribute@vtkOpenGLPainterDeviceAdapter@@UEAAXHHHPEBX_J@Z) 中被引用
vtkRenderingOpenGL-8.0-gd.lib(vtkOpenGLRepresentationPainter.obj) : error LNK2001: 无法解析的外部符号 __imp_glColor4dv
vtkRenderingOpenGL-8.0-gd.lib(vtkOpenGLPainterDeviceAdapter.obj) : error LNK2019: 无法解析的外部符号 __imp_glColor4fv，该符号在函数 "public: virtual void __cdecl vtkOpenGLPainterDeviceAdapter::SendAttribute(int,int,int,void const *,__int64)" (?SendAttribute@vtkOpenGLPainterDeviceAdapter@@UEAAXHHHPEBX_J@Z) 中被引用
vtkRenderingOpenGL-8.0-gd.lib(vtkOpenGLProperty.obj) : error LNK2001: 无法解析的外部符号 __imp_glColor4fv
vtkRenderingOpenGL-8.0-gd.lib(vtkOpenGLPainterDeviceAdapter.obj) : error LNK2019: 无法解析的外部符号 __imp_glColor4iv，该符号在函数 "public: virtual void __cdecl vtkOpenGLPainterDeviceAdapter::SendAttribute(int,int,int,void const *,__int64)" (?SendAttribute@vtkOpenGLPainterDeviceAdapter@@UEAAXHHHPEBX_J@Z) 中被引用
vtkRenderingOpenGL-8.0-gd.lib(vtkOpenGLPainterDeviceAdapter.obj) : error LNK2019: 无法解析的外部符号 __imp_glColor4sv，该符号在函数 "public: virtual void __cdecl vtkOpenGLPainterDeviceAdapter::SendAttribute(int,int,int,void const *,__int64)" (?SendAttribute@vtkOpenGLPainterDeviceAdapter@@UEAAXHHHPEBX_J@Z) 中被引用
vtkRenderingOpenGL-8.0-gd.lib(vtkOpenGLPainterDeviceAdapter.obj) : error LNK2019: 无法解析的外部符号 __imp_glColor4ubv，该符号在函数 "public: virtual void __cdecl vtkOpenGLPainterDeviceAdapter::SendAttribute(int,int,int,void const *,__int64)" (?SendAttribute@vtkOpenGLPainterDeviceAdapter@@UEAAXHHHPEBX_J@Z) 中被引用
vtkRenderingOpenGL-8.0-gd.lib(vtkOpenGLPolyDataMapper2D.obj) : error LNK2001: 无法解析的外部符号 __imp_glColor4ubv
vtkRenderingOpenGL-8.0-gd.lib(vtkOpenGLPainterDeviceAdapter.obj) : error LNK2019: 无法解析的外部符号 __imp_glColor4uiv，该符号在函数 "public: virtual void __cdecl vtkOpenGLPainterDeviceAdapter::SendAttribute(int,int,int,void const *,__int64)" (?SendAttribute@vtkOpenGLPainterDeviceAdapter@@UEAAXHHHPEBX_J@Z) 中被引用
vtkRenderingOpenGL-8.0-gd.lib(vtkOpenGLPainterDeviceAdapter.obj) : error LNK2019: 无法解析的外部符号 __imp_glColor4usv，该符号在函数 "public: virtual void __cdecl vtkOpenGLPainterDeviceAdapter::SendAttribute(int,int,int,void const *,__int64)" (?SendAttribute@vtkOpenGLPainterDeviceAdapter@@UEAAXHHHPEBX_J@Z) 中被引用
vtkRenderingOpenGL-8.0-gd.lib(vtkOpenGLPainterDeviceAdapter.obj) : error LNK2019: 无法解析的外部符号 __imp_glColorPointer，该符号在函数 "public: virtual void __cdecl vtkOpenGLPainterDeviceAdapter::SetAttributePointer(int,int,int,int,void const *)" (?SetAttributePointer@vtkOpenGLPainterDeviceAdapter@@UEAAXHHHHPEBX@Z) 中被引用
vtkRenderingOpenGL-8.0-gd.lib(vtkOpenGLPainterDeviceAdapter.obj) : error LNK2019: 无法解析的外部符号 __imp_glDepthRange，该符号在函数 "public: virtual void __cdecl vtkOpenGLPainterDeviceAdapter::MakeVertexEmphasis(bool)" (?MakeVertexEmphasis@vtkOpenGLPainterDeviceAdapter@@UEAAX_N@Z) 中被引用
vtkRenderingOpenGL-8.0-gd.lib(vtkOpenGLPainterDeviceAdapter.obj) : error LNK2019: 无法解析的外部符号 __imp_glDisableClientState，该符号在函数 "public: virtual void __cdecl vtkOpenGLPainterDeviceAdapter::DisableAttributeArray(int)" (?DisableAttributeArray@vtkOpenGLPainterDeviceAdapter@@UEAAXH@Z) 中被引用
vtkRenderingOpenGL-8.0-gd.lib(vtkOpenGLPainterDeviceAdapter.obj) : error LNK2019: 无法解析的外部符号 __imp_glDrawArrays，该符号在函数 "public: virtual void __cdecl vtkOpenGLPainterDeviceAdapter::DrawArrays(int,__int64,__int64)" (?DrawArrays@vtkOpenGLPainterDeviceAdapter@@UEAAXH_J0@Z) 中被引用
vtkRenderingOpenGL-8.0-gd.lib(vtkOpenGLPainterDeviceAdapter.obj) : error LNK2019: 无法解析的外部符号 __imp_glEdgeFlag，该符号在函数 "public: virtual void __cdecl vtkOpenGLPainterDeviceAdapter::SendAttribute(int,int,int,void const *,__int64)" (?SendAttribute@vtkOpenGLPainterDeviceAdapter@@UEAAXHHHPEBX_J@Z) 中被引用
vtkRenderingOpenGL-8.0-gd.lib(vtkOpenGLPainterDeviceAdapter.obj) : error LNK2019: 无法解析的外部符号 __imp_glEdgeFlagPointer，该符号在函数 "public: virtual void __cdecl vtkOpenGLPainterDeviceAdapter::SetAttributePointer(int,int,int,int,void const *)" (?SetAttributePointer@vtkOpenGLPainterDeviceAdapter@@UEAAXHHHHPEBX@Z) 中被引用
vtkRenderingOpenGL-8.0-gd.lib(vtkOpenGLPainterDeviceAdapter.obj) : error LNK2019: 无法解析的外部符号 __imp_glGetFloatv，该符号在函数 "public: virtual void __cdecl vtkOpenGLPainterDeviceAdapter::MakeVertexEmphasis(bool)" (?MakeVertexEmphasis@vtkOpenGLPainterDeviceAdapter@@UEAAX_N@Z) 中被引用
vtkRenderingOpenGL-8.0-gd.lib(vtkOpenGLPainterDeviceAdapter.obj) : error LNK2019: 无法解析的外部符号 __imp_glNormal3bv，该符号在函数 "public: virtual void __cdecl vtkOpenGLPainterDeviceAdapter::SendAttribute(int,int,int,void const *,__int64)" (?SendAttribute@vtkOpenGLPainterDeviceAdapter@@UEAAXHHHPEBX_J@Z) 中被引用
vtkRenderingOpenGL-8.0-gd.lib(vtkOpenGLPainterDeviceAdapter.obj) : error LNK2019: 无法解析的外部符号 __imp_glNormal3fv，该符号在函数 "public: virtual void __cdecl vtkOpenGLPainterDeviceAdapter::SendAttribute(int,int,int,void const *,__int64)" (?SendAttribute@vtkOpenGLPainterDeviceAdapter@@UEAAXHHHPEBX_J@Z) 中被引用
vtkRenderingOpenGL-8.0-gd.lib(vtkOpenGLPainterDeviceAdapter.obj) : error LNK2019: 无法解析的外部符号 __imp_glNormal3iv，该符号在函数 "public: virtual void __cdecl vtkOpenGLPainterDeviceAdapter::SendAttribute(int,int,int,void const *,__int64)" (?SendAttribute@vtkOpenGLPainterDeviceAdapter@@UEAAXHHHPEBX_J@Z) 中被引用
vtkRenderingOpenGL-8.0-gd.lib(vtkOpenGLPainterDeviceAdapter.obj) : error LNK2019: 无法解析的外部符号 __imp_glNormal3sv，该符号在函数 "public: virtual void __cdecl vtkOpenGLPainterDeviceAdapter::SendAttribute(int,int,int,void const *,__int64)" (?SendAttribute@vtkOpenGLPainterDeviceAdapter@@UEAAXHHHPEBX_J@Z) 中被引用
vtkRenderingOpenGL-8.0-gd.lib(vtkOpenGLPainterDeviceAdapter.obj) : error LNK2019: 无法解析的外部符号 __imp_glNormalPointer，该符号在函数 "public: virtual void __cdecl vtkOpenGLPainterDeviceAdapter::SetAttributePointer(int,int,int,int,void const *)" (?SetAttributePointer@vtkOpenGLPainterDeviceAdapter@@UEAAXHHHHPEBX@Z) 中被引用
vtkRenderingOpenGL-8.0-gd.lib(vtkOpenGLPainterDeviceAdapter.obj) : error LNK2019: 无法解析的外部符号 __imp_glPassThrough，该符号在函数 "public: static void __cdecl vtkOpenGLGL2PSHelper::SetPointSize(float)" (?SetPointSize@vtkOpenGLGL2PSHelper@@SAXM@Z) 中被引用
vtkRenderingOpenGL-8.0-gd.lib(vtkOpenGLProperty.obj) : error LNK2001: 无法解析的外部符号 __imp_glPassThrough
vtkRenderingOpenGL-8.0-gd.lib(vtkOpenGLPolyDataMapper2D.obj) : error LNK2001: 无法解析的外部符号 __imp_glPassThrough
vtkRenderingOpenGL-8.0-gd.lib(vtkOpenGLPainterDeviceAdapter.obj) : error LNK2019: 无法解析的外部符号 __imp_glPointSize，该符号在函数 "public: virtual void __cdecl vtkOpenGLPainterDeviceAdapter::MakeVertexEmphasis(bool)" (?MakeVertexEmphasis@vtkOpenGLPainterDeviceAdapter@@UEAAX_N@Z) 中被引用
vtkRenderingOpenGL-8.0-gd.lib(vtkOpenGLProperty.obj) : error LNK2001: 无法解析的外部符号 __imp_glPointSize
vtkRenderingOpenGL-8.0-gd.lib(vtkOpenGLPolyDataMapper2D.obj) : error LNK2001: 无法解析的外部符号 __imp_glPointSize
vtkRenderingOpenGL-8.0-gd.lib(vtkOpenGLPainterDeviceAdapter.obj) : error LNK2019: 无法解析的外部符号 __imp_glTexCoord1dv，该符号在函数 "public: virtual void __cdecl vtkOpenGLPainterDeviceAdapter::SendAttribute(int,int,int,void const *,__int64)" (?SendAttribute@vtkOpenGLPainterDeviceAdapter@@UEAAXHHHPEBX_J@Z) 中被引用
vtkRenderingOpenGL-8.0-gd.lib(vtkOpenGLPainterDeviceAdapter.obj) : error LNK2019: 无法解析的外部符号 __imp_glTexCoord1fv，该符号在函数 "public: virtual void __cdecl vtkOpenGLPainterDeviceAdapter::SendAttribute(int,int,int,void const *,__int64)" (?SendAttribute@vtkOpenGLPainterDeviceAdapter@@UEAAXHHHPEBX_J@Z) 中被引用
vtkRenderingOpenGL-8.0-gd.lib(vtkOpenGLPainterDeviceAdapter.obj) : error LNK2019: 无法解析的外部符号 __imp_glTexCoord1iv，该符号在函数 "public: virtual void __cdecl vtkOpenGLPainterDeviceAdapter::SendAttribute(int,int,int,void const *,__int64)" (?SendAttribute@vtkOpenGLPainterDeviceAdapter@@UEAAXHHHPEBX_J@Z) 中被引用
vtkRenderingOpenGL-8.0-gd.lib(vtkOpenGLPainterDeviceAdapter.obj) : error LNK2019: 无法解析的外部符号 __imp_glTexCoord1sv，该符号在函数 "public: virtual void __cdecl vtkOpenGLPainterDeviceAdapter::SendAttribute(int,int,int,void const *,__int64)" (?SendAttribute@vtkOpenGLPainterDeviceAdapter@@UEAAXHHHPEBX_J@Z) 中被引用
vtkRenderingOpenGL-8.0-gd.lib(vtkOpenGLPainterDeviceAdapter.obj) : error LNK2019: 无法解析的外部符号 __imp_glTexCoord2fv，该符号在函数 "public: virtual void __cdecl vtkOpenGLPainterDeviceAdapter::SendAttribute(int,int,int,void const *,__int64)" (?SendAttribute@vtkOpenGLPainterDeviceAdapter@@UEAAXHHHPEBX_J@Z) 中被引用
vtkRenderingOpenGL-8.0-gd.lib(vtkOpenGLPainterDeviceAdapter.obj) : error LNK2019: 无法解析的外部符号 __imp_glTexCoord2iv，该符号在函数 "public: virtual void __cdecl vtkOpenGLPainterDeviceAdapter::SendAttribute(int,int,int,void const *,__int64)" (?SendAttribute@vtkOpenGLPainterDeviceAdapter@@UEAAXHHHPEBX_J@Z) 中被引用
vtkRenderingOpenGL-8.0-gd.lib(vtkOpenGLPainterDeviceAdapter.obj) : error LNK2019: 无法解析的外部符号 __imp_glTexCoord2sv，该符号在函数 "public: virtual void __cdecl vtkOpenGLPainterDeviceAdapter::SendAttribute(int,int,int,void const *,__int64)" (?SendAttribute@vtkOpenGLPainterDeviceAdapter@@UEAAXHHHPEBX_J@Z) 中被引用
vtkRenderingOpenGL-8.0-gd.lib(vtkOpenGLPainterDeviceAdapter.obj) : error LNK2019: 无法解析的外部符号 __imp_glTexCoord3dv，该符号在函数 "public: virtual void __cdecl vtkOpenGLPainterDeviceAdapter::SendAttribute(int,int,int,void const *,__int64)" (?SendAttribute@vtkOpenGLPainterDeviceAdapter@@UEAAXHHHPEBX_J@Z) 中被引用
vtkRenderingOpenGL-8.0-gd.lib(vtkOpenGLPainterDeviceAdapter.obj) : error LNK2019: 无法解析的外部符号 __imp_glTexCoord3fv，该符号在函数 "public: virtual void __cdecl vtkOpenGLPainterDeviceAdapter::SendAttribute(int,int,int,void const *,__int64)" (?SendAttribute@vtkOpenGLPainterDeviceAdapter@@UEAAXHHHPEBX_J@Z) 中被引用
vtkRenderingOpenGL-8.0-gd.lib(vtkOpenGLPainterDeviceAdapter.obj) : error LNK2019: 无法解析的外部符号 __imp_glTexCoord3iv，该符号在函数 "public: virtual void __cdecl vtkOpenGLPainterDeviceAdapter::SendAttribute(int,int,int,void const *,__int64)" (?SendAttribute@vtkOpenGLPainterDeviceAdapter@@UEAAXHHHPEBX_J@Z) 中被引用
vtkRenderingOpenGL-8.0-gd.lib(vtkOpenGLPainterDeviceAdapter.obj) : error LNK2019: 无法解析的外部符号 __imp_glTexCoord3sv，该符号在函数 "public: virtual void __cdecl vtkOpenGLPainterDeviceAdapter::SendAttribute(int,int,int,void const *,__int64)" (?SendAttribute@vtkOpenGLPainterDeviceAdapter@@UEAAXHHHPEBX_J@Z) 中被引用
vtkRenderingOpenGL-8.0-gd.lib(vtkOpenGLPainterDeviceAdapter.obj) : error LNK2019: 无法解析的外部符号 __imp_glTexCoord4dv，该符号在函数 "public: virtual void __cdecl vtkOpenGLPainterDeviceAdapter::SendAttribute(int,int,int,void const *,__int64)" (?SendAttribute@vtkOpenGLPainterDeviceAdapter@@UEAAXHHHPEBX_J@Z) 中被引用
vtkRenderingOpenGL-8.0-gd.lib(vtkOpenGLPainterDeviceAdapter.obj) : error LNK2019: 无法解析的外部符号 __imp_glTexCoord4fv，该符号在函数 "public: virtual void __cdecl vtkOpenGLPainterDeviceAdapter::SendAttribute(int,int,int,void const *,__int64)" (?SendAttribute@vtkOpenGLPainterDeviceAdapter@@UEAAXHHHPEBX_J@Z) 中被引用
vtkRenderingOpenGL-8.0-gd.lib(vtkOpenGLPainterDeviceAdapter.obj) : error LNK2019: 无法解析的外部符号 __imp_glTexCoord4iv，该符号在函数 "public: virtual void __cdecl vtkOpenGLPainterDeviceAdapter::SendAttribute(int,int,int,void const *,__int64)" (?SendAttribute@vtkOpenGLPainterDeviceAdapter@@UEAAXHHHPEBX_J@Z) 中被引用
vtkRenderingOpenGL-8.0-gd.lib(vtkOpenGLPainterDeviceAdapter.obj) : error LNK2019: 无法解析的外部符号 __imp_glTexCoord4sv，该符号在函数 "public: virtual void __cdecl vtkOpenGLPainterDeviceAdapter::SendAttribute(int,int,int,void const *,__int64)" (?SendAttribute@vtkOpenGLPainterDeviceAdapter@@UEAAXHHHPEBX_J@Z) 中被引用
vtkRenderingOpenGL-8.0-gd.lib(vtkOpenGLPainterDeviceAdapter.obj) : error LNK2019: 无法解析的外部符号 __imp_glTexCoordPointer，该符号在函数 "public: virtual void __cdecl vtkOpenGLPainterDeviceAdapter::SetAttributePointer(int,int,int,int,void const *)" (?SetAttributePointer@vtkOpenGLPainterDeviceAdapter@@UEAAXHHHHPEBX@Z) 中被引用
vtkRenderingOpenGL-8.0-gd.lib(vtkOpenGLPainterDeviceAdapter.obj) : error LNK2019: 无法解析的外部符号 __imp_glVertex2dv，该符号在函数 "public: virtual void __cdecl vtkOpenGLPainterDeviceAdapter::SendAttribute(int,int,int,void const *,__int64)" (?SendAttribute@vtkOpenGLPainterDeviceAdapter@@UEAAXHHHPEBX_J@Z) 中被引用
vtkRenderingOpenGL-8.0-gd.lib(vtkOpenGLPainterDeviceAdapter.obj) : error LNK2019: 无法解析的外部符号 __imp_glVertex2fv，该符号在函数 "public: virtual void __cdecl vtkOpenGLPainterDeviceAdapter::SendAttribute(int,int,int,void const *,__int64)" (?SendAttribute@vtkOpenGLPainterDeviceAdapter@@UEAAXHHHPEBX_J@Z) 中被引用
vtkRenderingOpenGL-8.0-gd.lib(vtkOpenGLPainterDeviceAdapter.obj) : error LNK2019: 无法解析的外部符号 __imp_glVertex2iv，该符号在函数 "public: virtual void __cdecl vtkOpenGLPainterDeviceAdapter::SendAttribute(int,int,int,void const *,__int64)" (?SendAttribute@vtkOpenGLPainterDeviceAdapter@@UEAAXHHHPEBX_J@Z) 中被引用
vtkRenderingOpenGL-8.0-gd.lib(vtkOpenGLPainterDeviceAdapter.obj) : error LNK2019: 无法解析的外部符号 __imp_glVertex2sv，该符号在函数 "public: virtual void __cdecl vtkOpenGLPainterDeviceAdapter::SendAttribute(int,int,int,void const *,__int64)" (?SendAttribute@vtkOpenGLPainterDeviceAdapter@@UEAAXHHHPEBX_J@Z) 中被引用
vtkRenderingOpenGL-8.0-gd.lib(vtkOpenGLPainterDeviceAdapter.obj) : error LNK2019: 无法解析的外部符号 __imp_glVertex3fv，该符号在函数 "public: virtual void __cdecl vtkOpenGLPainterDeviceAdapter::SendAttribute(int,int,int,void const *,__int64)" (?SendAttribute@vtkOpenGLPainterDeviceAdapter@@UEAAXHHHPEBX_J@Z) 中被引用
vtkRenderingOpenGL-8.0-gd.lib(vtkOpenGLPainterDeviceAdapter.obj) : error LNK2019: 无法解析的外部符号 __imp_glVertex3iv，该符号在函数 "public: virtual void __cdecl vtkOpenGLPainterDeviceAdapter::SendAttribute(int,int,int,void const *,__int64)" (?SendAttribute@vtkOpenGLPainterDeviceAdapter@@UEAAXHHHPEBX_J@Z) 中被引用
vtkRenderingOpenGL-8.0-gd.lib(vtkOpenGLPainterDeviceAdapter.obj) : error LNK2019: 无法解析的外部符号 __imp_glVertex3sv，该符号在函数 "public: virtual void __cdecl vtkOpenGLPainterDeviceAdapter::SendAttribute(int,int,int,void const *,__int64)" (?SendAttribute@vtkOpenGLPainterDeviceAdapter@@UEAAXHHHPEBX_J@Z) 中被引用
vtkRenderingOpenGL-8.0-gd.lib(vtkOpenGLPainterDeviceAdapter.obj) : error LNK2019: 无法解析的外部符号 __imp_glVertex4dv，该符号在函数 "public: virtual void __cdecl vtkOpenGLPainterDeviceAdapter::SendAttribute(int,int,int,void const *,__int64)" (?SendAttribute@vtkOpenGLPainterDeviceAdapter@@UEAAXHHHPEBX_J@Z) 中被引用
vtkRenderingOpenGL-8.0-gd.lib(vtkOpenGLPainterDeviceAdapter.obj) : error LNK2019: 无法解析的外部符号 __imp_glVertex4fv，该符号在函数 "public: virtual void __cdecl vtkOpenGLPainterDeviceAdapter::SendAttribute(int,int,int,void const *,__int64)" (?SendAttribute@vtkOpenGLPainterDeviceAdapter@@UEAAXHHHPEBX_J@Z) 中被引用
vtkRenderingOpenGL-8.0-gd.lib(vtkOpenGLPainterDeviceAdapter.obj) : error LNK2019: 无法解析的外部符号 __imp_glVertex4iv，该符号在函数 "public: virtual void __cdecl vtkOpenGLPainterDeviceAdapter::SendAttribute(int,int,int,void const *,__int64)" (?SendAttribute@vtkOpenGLPainterDeviceAdapter@@UEAAXHHHPEBX_J@Z) 中被引用
vtkRenderingOpenGL-8.0-gd.lib(vtkOpenGLPainterDeviceAdapter.obj) : error LNK2019: 无法解析的外部符号 __imp_glVertex4sv，该符号在函数 "public: virtual void __cdecl vtkOpenGLPainterDeviceAdapter::SendAttribute(int,int,int,void const *,__int64)" (?SendAttribute@vtkOpenGLPainterDeviceAdapter@@UEAAXHHHPEBX_J@Z) 中被引用
vtkRenderingOpenGL-8.0-gd.lib(vtkOpenGLProperty.obj) : error LNK2019: 无法解析的外部符号 __imp_glCullFace，该符号在函数 "public: virtual void __cdecl vtkOpenGLProperty::Render(class vtkActor *,class vtkRenderer *)" (?Render@vtkOpenGLProperty@@UEAAXPEAVvtkActor@@PEAVvtkRenderer@@@Z) 中被引用
vtkRenderingOpenGL-8.0-gd.lib(vtkOpenGLProperty.obj) : error LNK2019: 无法解析的外部符号 __imp_glLineStipple，该符号在函数 "public: virtual void __cdecl vtkOpenGLProperty::Render(class vtkActor *,class vtkRenderer *)" (?Render@vtkOpenGLProperty@@UEAAXPEAVvtkActor@@PEAVvtkRenderer@@@Z) 中被引用
vtkRenderingOpenGL-8.0-gd.lib(vtkOpenGLPolyDataMapper2D.obj) : error LNK2001: 无法解析的外部符号 __imp_glLineStipple
vtkRenderingOpenGL-8.0-gd.lib(vtkOpenGLProperty.obj) : error LNK2019: 无法解析的外部符号 __imp_glLineWidth，该符号在函数 "public: virtual void __cdecl vtkOpenGLProperty::Render(class vtkActor *,class vtkRenderer *)" (?Render@vtkOpenGLProperty@@UEAAXPEAVvtkActor@@PEAVvtkRenderer@@@Z) 中被引用
vtkRenderingOpenGL-8.0-gd.lib(vtkOpenGLPolyDataMapper2D.obj) : error LNK2001: 无法解析的外部符号 __imp_glLineWidth
vtkRenderingOpenGL-8.0-gd.lib(vtkOpenGLProperty.obj) : error LNK2019: 无法解析的外部符号 __imp_glMaterialf，该符号在函数 "public: static void __cdecl vtkOpenGLProperty::SetMaterialProperties(unsigned int,double,double const * const,double,double const * const,double,double const * const,double,double,class vtkOpenGLRenderWindow *)" (?SetMaterialProperties@vtkOpenGLProperty@@SAXINQEBNN0N0NNPEAVvtkOpenGLRenderWindow@@@Z) 中被引用
vtkRenderingOpenGL-8.0-gd.lib(vtkOpenGLProperty.obj) : error LNK2019: 无法解析的外部符号 __imp_glPolygonMode，该符号在函数 "public: virtual void __cdecl vtkOpenGLProperty::Render(class vtkActor *,class vtkRenderer *)" (?Render@vtkOpenGLProperty@@UEAAXPEAVvtkActor@@PEAVvtkRenderer@@@Z) 中被引用
vtkRenderingOpenGL-8.0-gd.lib(vtkOpenGLRenderer.obj) : error LNK2001: 无法解析的外部符号 __imp_glPolygonMode
vtkRenderingOpenGL-8.0-gd.lib(vtkOpenGLRepresentationPainter.obj) : error LNK2001: 无法解析的外部符号 __imp_glPolygonMode
vtkRenderingOpenGL-8.0-gd.lib(vtkOpenGLRenderer.obj) : error LNK2019: 无法解析的外部符号 __imp_glClearColor，该符号在函数 "public: virtual void __cdecl vtkOpenGLRenderer::DeviceRenderTranslucentPolygonalGeometry(void)" (?DeviceRenderTranslucentPolygonalGeometry@vtkOpenGLRenderer@@UEAAXXZ) 中被引用
vtkRenderingOpenGL-8.0-gd.lib(vtkOpenGLRenderer.obj) : error LNK2019: 无法解析的外部符号 __imp_glClearDepth，该符号在函数 "public: virtual void __cdecl vtkOpenGLRenderer::Clear(void)" (?Clear@vtkOpenGLRenderer@@UEAAXXZ) 中被引用
vtkRenderingOpenGL-8.0-gd.lib(vtkOpenGLRenderer.obj) : error LNK2019: 无法解析的外部符号 __imp_glColor4d，该符号在函数 "public: virtual void __cdecl vtkOpenGLRenderer::Clear(void)" (?Clear@vtkOpenGLRenderer@@UEAAXXZ) 中被引用
vtkRenderingOpenGL-8.0-gd.lib(vtkOpenGLRenderer.obj) : error LNK2019: 无法解析的外部符号 __imp_glCopyTexSubImage2D，该符号在函数 "public: virtual void __cdecl vtkOpenGLRenderer::DeviceRenderTranslucentPolygonalGeometry(void)" (?DeviceRenderTranslucentPolygonalGeometry@vtkOpenGLRenderer@@UEAAXXZ) 中被引用
vtkRenderingOpenGL-8.0-gd.lib(vtkOpenGLRenderer.obj) : error LNK2019: 无法解析的外部符号 __imp_glDepthFunc，该符号在函数 "public: virtual void __cdecl vtkOpenGLRenderer::DeviceRenderTranslucentPolygonalGeometry(void)" (?DeviceRenderTranslucentPolygonalGeometry@vtkOpenGLRenderer@@UEAAXXZ) 中被引用
vtkRenderingOpenGL-8.0-gd.lib(vtkOpenGLRenderWindow.obj) : error LNK2001: 无法解析的外部符号 __imp_glDepthFunc
vtkRenderingOpenGL-8.0-gd.lib(vtkOpenGLRenderer.obj) : error LNK2019: 无法解析的外部符号 __imp_glInitNames，该符号在函数 "protected: virtual void __cdecl vtkOpenGLRenderer::StartPick(unsigned int)" (?StartPick@vtkOpenGLRenderer@@MEAAXI@Z) 中被引用
vtkRenderingOpenGL-8.0-gd.lib(vtkOpenGLRenderer.obj) : error LNK2019: 无法解析的外部符号 __imp_glLightModelfv，该符号在函数 "public: virtual void __cdecl vtkOpenGLRenderer::ClearLights(void)" (?ClearLights@vtkOpenGLRenderer@@UEAAXXZ) 中被引用
vtkRenderingOpenGL-8.0-gd.lib(vtkOpenGLRenderer.obj) : error LNK2019: 无法解析的外部符号 __imp_glLightModeli，该符号在函数 "public: virtual void __cdecl vtkOpenGLRenderer::ClearLights(void)" (?ClearLights@vtkOpenGLRenderer@@UEAAXXZ) 中被引用
vtkRenderingOpenGL-8.0-gd.lib(vtkOpenGLScalarsToColorsPainter.obj) : error LNK2001: 无法解析的外部符号 __imp_glLightModeli
vtkRenderingOpenGL-8.0-gd.lib(vtkOpenGLRenderWindow.obj) : error LNK2001: 无法解析的外部符号 __imp_glLightModeli
vtkRenderingOpenGL-8.0-gd.lib(vtkOpenGLRenderer.obj) : error LNK2019: 无法解析的外部符号 __imp_glLoadName，该符号在函数 "protected: virtual void __cdecl vtkOpenGLRenderer::UpdatePickId(void)" (?UpdatePickId@vtkOpenGLRenderer@@MEAAXXZ) 中被引用
vtkRenderingOpenGL-8.0-gd.lib(vtkOpenGLRenderer.obj) : error LNK2019: 无法解析的外部符号 __imp_glOrtho，该符号在函数 "public: virtual void __cdecl vtkOpenGLRenderer::DeviceRenderTranslucentPolygonalGeometry(void)" (?DeviceRenderTranslucentPolygonalGeometry@vtkOpenGLRenderer@@UEAAXXZ) 中被引用
vtkRenderingOpenGL-8.0-gd.lib(vtkOpenGLImageMapper.obj) : error LNK2001: 无法解析的外部符号 __imp_glOrtho
vtkRenderingOpenGL-8.0-gd.lib(vtkOpenGLPolyDataMapper2D.obj) : error LNK2001: 无法解析的外部符号 __imp_glOrtho
vtkRenderingOpenGL-8.0-gd.lib(vtkOpenGLRenderer.obj) : error LNK2019: 无法解析的外部符号 __imp_glPushName，该符号在函数 "protected: virtual void __cdecl vtkOpenGLRenderer::StartPick(unsigned int)" (?StartPick@vtkOpenGLRenderer@@MEAAXI@Z) 中被引用
vtkRenderingOpenGL-8.0-gd.lib(vtkOpenGLRenderer.obj) : error LNK2019: 无法解析的外部符号 __imp_glRenderMode，该符号在函数 "protected: virtual void __cdecl vtkOpenGLRenderer::StartPick(unsigned int)" (?StartPick@vtkOpenGLRenderer@@MEAAXI@Z) 中被引用
vtkRenderingOpenGL-8.0-gd.lib(vtkOpenGLRenderer.obj) : error LNK2019: 无法解析的外部符号 __imp_glSelectBuffer，该符号在函数 "protected: virtual void __cdecl vtkOpenGLRenderer::StartPick(unsigned int)" (?StartPick@vtkOpenGLRenderer@@MEAAXI@Z) 中被引用
vtkRenderingOpenGL-8.0-gd.lib(vtkOpenGLRenderer.obj) : error LNK2019: 无法解析的外部符号 __imp_glTexCoord2f，该符号在函数 "public: virtual void __cdecl vtkOpenGLRenderer::DeviceRenderTranslucentPolygonalGeometry(void)" (?DeviceRenderTranslucentPolygonalGeometry@vtkOpenGLRenderer@@UEAAXXZ) 中被引用
vtkRenderingOpenGL-8.0-gd.lib(vtkOpenGLRenderer.obj) : error LNK2019: 无法解析的外部符号 __imp_glTexEnvf，该符号在函数 "public: virtual void __cdecl vtkOpenGLRenderer::Clear(void)" (?Clear@vtkOpenGLRenderer@@UEAAXXZ) 中被引用
vtkRenderingOpenGL-8.0-gd.lib(vtkOpenGLTexture.obj) : error LNK2001: 无法解析的外部符号 __imp_glTexEnvf
vtkRenderingOpenGL-8.0-gd.lib(vtkOpenGLRenderWindow.obj) : error LNK2001: 无法解析的外部符号 __imp_glTexEnvf
vtkRenderingOpenGL-8.0-gd.lib(vtkOpenGLRenderer.obj) : error LNK2019: 无法解析的外部符号 __imp_glTexParameteri，该符号在函数 "public: virtual void __cdecl vtkOpenGLRenderer::DeviceRenderTranslucentPolygonalGeometry(void)" (?DeviceRenderTranslucentPolygonalGeometry@vtkOpenGLRenderer@@UEAAXXZ) 中被引用
vtkRenderingOpenGL-8.0-gd.lib(vtkOpenGLRenderWindow.obj) : error LNK2001: 无法解析的外部符号 __imp_glTexParameteri
vtkRenderingOpenGL-8.0-gd.lib(vtkOpenGLRenderer.obj) : error LNK2019: 无法解析的外部符号 __imp_glVertex2f，该符号在函数 "public: virtual void __cdecl vtkOpenGLRenderer::DeviceRenderTranslucentPolygonalGeometry(void)" (?DeviceRenderTranslucentPolygonalGeometry@vtkOpenGLRenderer@@UEAAXXZ) 中被引用
vtkRenderingOpenGL-8.0-gd.lib(vtkOpenGLScalarsToColorsPainter.obj) : error LNK2019: 无法解析的外部符号 __imp_glColor3f，该符号在函数 "protected: virtual void __cdecl vtkOpenGLScalarsToColorsPainter::RenderInternal(class vtkRenderer *,class vtkActor *,unsigned long,bool)" (?RenderInternal@vtkOpenGLScalarsToColorsPainter@@MEAAXPEAVvtkRenderer@@PEAVvtkActor@@K_N@Z) 中被引用
vtkRenderingOpenGL-8.0-gd.lib(vtkOpenGLScalarsToColorsPainter.obj) : error LNK2019: 无法解析的外部符号 __imp_glColorMaterial，该符号在函数 "protected: virtual void __cdecl vtkOpenGLScalarsToColorsPainter::RenderInternal(class vtkRenderer *,class vtkActor *,unsigned long,bool)" (?RenderInternal@vtkOpenGLScalarsToColorsPainter@@MEAAXPEAVvtkRenderer@@PEAVvtkActor@@K_N@Z) 中被引用
vtkRenderingOpenGL-8.0-gd.lib(vtkOpenGLImageMapper.obj) : error LNK2019: 无法解析的外部符号 __imp_glDrawPixels，该符号在函数 "void __cdecl vtkOpenGLImageMapperRenderChar<signed char>(class vtkOpenGLImageMapper *,class vtkImageData *,signed char *,int *,int *,int,int *)" (??$vtkOpenGLImageMapperRenderChar@C@@YAXPEAVvtkOpenGLImageMapper@@PEAVvtkImageData@@PEACPEAH3H3@Z) 中被引用
vtkRenderingOpenGL-8.0-gd.lib(vtkOpenGLRenderWindow.obj) : error LNK2001: 无法解析的外部符号 __imp_glDrawPixels
vtkRenderingOpenGL-8.0-gd.lib(vtkOpenGLImageMapper.obj) : error LNK2019: 无法解析的外部符号 __imp_glPixelZoom，该符号在函数 "void __cdecl vtkOpenGLImageMapperRenderChar<signed char>(class vtkOpenGLImageMapper *,class vtkImageData *,signed char *,int *,int *,int,int *)" (??$vtkOpenGLImageMapperRenderChar@C@@YAXPEAVvtkOpenGLImageMapper@@PEAVvtkImageData@@PEACPEAH3H3@Z) 中被引用
vtkRenderingOpenGL-8.0-gd.lib(vtkOpenGLImageMapper.obj) : error LNK2019: 无法解析的外部符号 __imp_glRasterPos3f，该符号在函数 "void __cdecl vtkOpenGLImageMapperRenderChar<signed char>(class vtkOpenGLImageMapper *,class vtkImageData *,signed char *,int *,int *,int,int *)" (??$vtkOpenGLImageMapperRenderChar@C@@YAXPEAVvtkOpenGLImageMapper@@PEAVvtkImageData@@PEACPEAH3H3@Z) 中被引用
vtkRenderingOpenGL-8.0-gd.lib(vtkOpenGLRenderWindow.obj) : error LNK2001: 无法解析的外部符号 __imp_glRasterPos3f
vtkRenderingOpenGL-8.0-gd.lib(vtkOpenGLImageMapper.obj) : error LNK2019: 无法解析的外部符号 __imp_glRectf，该符号在函数 "public: virtual void __cdecl vtkOpenGLImageMapper::RenderData(class vtkViewport *,class vtkImageData *,class vtkActor2D *)" (?RenderData@vtkOpenGLImageMapper@@UEAAXPEAVvtkViewport@@PEAVvtkImageData@@PEAVvtkActor2D@@@Z) 中被引用
vtkRenderingOpenGL-8.0-gd.lib(vtkOpenGLPolyDataMapper2D.obj) : error LNK2019: 无法解析的外部符号 __imp_glVertex3d，该符号在函数 "public: virtual void __cdecl vtkOpenGLPolyDataMapper2D::RenderOverlay(class vtkViewport *,class vtkActor2D *)" (?RenderOverlay@vtkOpenGLPolyDataMapper2D@@UEAAXPEAVvtkViewport@@PEAVvtkActor2D@@@Z) 中被引用
vtkRenderingOpenGL-8.0-gd.lib(vtkOpenGLRenderWindow.obj) : error LNK2019: 无法解析的外部符号 __imp_glFinish，该符号在函数 "public: virtual void __cdecl vtkOpenGLRenderWindow::WaitForCompletion(void)" (?WaitForCompletion@vtkOpenGLRenderWindow@@UEAAXXZ) 中被引用
vtkRenderingOpenGL-8.0-gd.lib(vtkOpenGLRenderWindow.obj) : error LNK2019: 无法解析的外部符号 __imp_glRasterPos2f，该符号在函数 "public: virtual int __cdecl vtkOpenGLRenderWindow::SetZbufferData(int,int,int,int,float *)" (?SetZbufferData@vtkOpenGLRenderWindow@@UEAAHHHHHPEAM@Z) 中被引用
vtkRenderingOpenGL-8.0-gd.lib(vtkOpenGLRenderWindow.obj) : error LNK2019: 无法解析的外部符号 __imp_glReadPixels，该符号在函数 "public: virtual int __cdecl vtkOpenGLRenderWindow::GetZbufferData(int,int,int,int,float *)" (?GetZbufferData@vtkOpenGLRenderWindow@@UEAAHHHHHPEAM@Z) 中被引用
E:\Visual Studio 2015\proj-of-vs2015\QT_Show_PCD\x64\Debug\\QT_Show_PCD.exe : fatal error LNK1120: 198 个无法解析的外部命令
